<?xml version="1.0" encoding="UTF-8"?>
<testsuite xmlns:xsi="http://www.w3.org/2001/XMLSchema-instance" xsi:noNamespaceSchemaLocation="https://maven.apache.org/surefire/maven-surefire-plugin/xsd/surefire-test-report.xsd" version="3.0.2" name="com.jaywant.demo.CertificateControllerTest" time="11.519" tests="1" errors="0" skipped="0" failures="0">
  <properties>
[...]
</properties>
  <testcase name="testCertificateServiceInjection" classname="com.jaywant.demo.CertificateControllerTest" time="0.627">
    <system-out><![CDATA[Standard Commons Logging discovery in action with spring-jcl: please remove commons-logging.jar from classpath in order to avoid potential conflicts
14:23:42.480 [main] INFO org.springframework.test.context.support.AnnotationConfigContextLoaderUtils -- Could not detect default configuration classes for test class [com.jaywant.demo.CertificateControllerTest]: CertificateControllerTest does not declare any static, non-private, non-final, nested classes annotated with @Configuration.
14:23:42.619 [main] INFO org.springframework.boot.test.context.SpringBootTestContextBootstrapper -- Found @SpringBootConfiguration com.jaywant.demo.DemoApplication for test class com.jaywant.demo.CertificateControllerTest
14:23:42.812 [main] INFO org.springframework.boot.devtools.restart.RestartApplicationListener -- Restart disabled due to context in which it is running

  .   ____          _            __ _ _
 /\\ / ___'_ __ _ _(_)_ __  __ _ \ \ \ \
( ( )\___ | '_ | '_| | '_ \/ _` | \ \ \ \
 \\/  ___)| |_)| | | | | || (_| |  ) ) ) )
  '  |____| .__|_| |_|_| |_\__, | / / / /
 =========|_|==============|___/=/_/_/_/

 :: Spring Boot ::                (v3.4.4)

2025-07-25T14:23:43.305Z  INFO 1378071 --- [demo] [           main] c.j.demo.CertificateControllerTest       : Starting CertificateControllerTest using Java 17.0.15 with PID 1378071 (started by root in /root/managifyhr.com/backend/HRM_Backend_Biometric)
2025-07-25T14:23:43.309Z  INFO 1378071 --- [demo] [           main] c.j.demo.CertificateControllerTest       : No active profile set, falling back to 1 default profile: "default"
2025-07-25T14:23:44.448Z  INFO 1378071 --- [demo] [           main] o.s.b.f.s.DefaultListableBeanFactory     : Overriding bean definition for bean 'restTemplate' with a different definition: replacing [Root bean: class=null; scope=; abstract=false; lazyInit=null; autowireMode=3; dependencyCheck=0; autowireCandidate=true; primary=false; fallback=false; factoryBeanName=appConfig; factoryMethodName=restTemplate; initMethodNames=null; destroyMethodNames=[(inferred)]; defined in class path resource [com/jaywant/demo/Config/AppConfig.class]] with [Root bean: class=null; scope=; abstract=false; lazyInit=null; autowireMode=3; dependencyCheck=0; autowireCandidate=true; primary=false; fallback=false; factoryBeanName=restTemplateConfig; factoryMethodName=restTemplate; initMethodNames=null; destroyMethodNames=[(inferred)]; defined in class path resource [com/jaywant/demo/Config/RestTemplateConfig.class]]
2025-07-25T14:23:44.807Z  INFO 1378071 --- [demo] [           main] .s.d.r.c.RepositoryConfigurationDelegate : Bootstrapping Spring Data JPA repositories in DEFAULT mode.
2025-07-25T14:23:45.015Z  INFO 1378071 --- [demo] [           main] .s.d.r.c.RepositoryConfigurationDelegate : Finished Spring Data repository scanning in 185 ms. Found 16 JPA repository interfaces.
2025-07-25T14:23:45.943Z  INFO 1378071 --- [demo] [           main] o.hibernate.jpa.internal.util.LogHelper  : HHH000204: Processing PersistenceUnitInfo [name: default]
2025-07-25T14:23:46.015Z  INFO 1378071 --- [demo] [           main] org.hibernate.Version                    : HHH000412: Hibernate ORM core version 6.6.11.Final
2025-07-25T14:23:46.069Z  INFO 1378071 --- [demo] [           main] o.h.c.internal.RegionFactoryInitiator    : HHH000026: Second-level cache disabled
2025-07-25T14:23:46.553Z  INFO 1378071 --- [demo] [           main] o.s.o.j.p.SpringPersistenceUnitInfo      : No LoadTimeWeaver setup: ignoring JPA class transformer
2025-07-25T14:23:46.611Z  INFO 1378071 --- [demo] [           main] com.zaxxer.hikari.HikariDataSource       : HikariPool-1 - Starting...
2025-07-25T14:23:47.213Z  INFO 1378071 --- [demo] [           main] com.zaxxer.hikari.pool.HikariPool        : HikariPool-1 - Added connection com.mysql.cj.jdbc.ConnectionImpl@25589735
2025-07-25T14:23:47.217Z  INFO 1378071 --- [demo] [           main] com.zaxxer.hikari.HikariDataSource       : HikariPool-1 - Start completed.
2025-07-25T14:23:47.325Z  WARN 1378071 --- [demo] [           main] org.hibernate.orm.deprecation            : HHH90000025: MySQLDialect does not need to be specified explicitly using 'hibernate.dialect' (remove the property setting and it will be selected by default)
2025-07-25T14:23:47.366Z  INFO 1378071 --- [demo] [           main] org.hibernate.orm.connections.pooling    : HHH10001005: Database info:
	Database JDBC URL [Connecting through datasource 'HikariDataSource (HikariPool-1)']
	Database driver: undefined/unknown
	Database version: 8.0.42
	Autocommit mode: undefined/unknown
	Isolation level: undefined/unknown
	Minimum pool size: undefined/unknown
	Maximum pool size: undefined/unknown
2025-07-25T14:23:48.532Z  INFO 1378071 --- [demo] [           main] o.h.e.t.j.p.i.JtaPlatformInitiator       : HHH000489: No JTA platform available (set 'hibernate.transaction.jta.platform' to enable JTA platform integration)
2025-07-25T14:23:48.704Z  INFO 1378071 --- [demo] [           main] j.LocalContainerEntityManagerFactoryBean : Initialized JPA EntityManagerFactory for persistence unit 'default'
🔥 Initializing Firebase...
📁 Using firebase-service-account.json file...
✅ Firebase service account file found!
✅ Firebase initialized successfully!
2025-07-25T14:23:49.145Z  INFO 1378071 --- [demo] [           main] o.s.d.j.r.query.QueryEnhancerFactory     : Hibernate is in classpath; If applicable, HQL parser will be used.
🔧 Creating FirebaseMessaging bean...
✅ FirebaseMessaging bean created successfully!
🔧 Firebase enabled status: true
ZKTeco TCP Listener started on port 8000
2025-07-25T14:23:52.572Z  WARN 1378071 --- [demo] [           main] JpaBaseConfiguration$JpaWebConfiguration : spring.jpa.open-in-view is enabled by default. Therefore, database queries may be performed during view rendering. Explicitly configure spring.jpa.open-in-view to disable this warning
2025-07-25T14:23:53.097Z  INFO 1378071 --- [demo] [           main] o.s.m.s.b.SimpleBrokerMessageHandler     : Starting...
2025-07-25T14:23:53.098Z  INFO 1378071 --- [demo] [           main] o.s.m.s.b.SimpleBrokerMessageHandler     : BrokerAvailabilityEvent[available=true, SimpleBrokerMessageHandler [org.springframework.messaging.simp.broker.DefaultSubscriptionRegistry@4baf4a5b]]
2025-07-25T14:23:53.099Z  INFO 1378071 --- [demo] [           main] o.s.m.s.b.SimpleBrokerMessageHandler     : Started.
2025-07-25T14:23:53.114Z  INFO 1378071 --- [demo] [           main] c.j.demo.CertificateControllerTest       : Started CertificateControllerTest in 10.319 seconds (process running for 11.995)
🔄 Starting periodic attendance sync at 2025-07-25T14:23:53.114401507
🔄 Starting yesterday's data sync at 2025-07-25T14:23:53.114785256
Starting real-time attendance sync...
🔄 [14:23:53] Simple real-time sync starting...
🏥 Starting terminal health check at 2025-07-25T14:23:53.115397594

================================================================================
🚀 BIOMETRIC SERVICES STATUS - 2025-07-25 14:23:53
================================================================================
✅ EnhancedBiometricSyncService: ACTIVE (10-second real-time sync)
✅ SimpleBiometricTestService: ACTIVE (for testing)
❌ BiometricAttendanceProcessor: DISABLED (replaced by enhanced service)
================================================================================
📊 AVAILABLE TEST ENDPOINTS:
   GET  /api/simple-biometric-test/health
   GET  /api/simple-biometric-test/stats
   POST /api/simple-biometric-test/test-processing
   GET  /api/iclock-verification/verify-iclock-table
   POST /api/iclock-verification/test-data-flow
   GET  /api/enhanced-biometric/sync-stats
   POST /api/enhanced-biometric/sync-now
================================================================================
🔄 Real-time sync will start automatically every 10 seconds...
📝 Monitor console for processing logs
================================================================================

Hibernate: 
    select
        e1_0.emp_id,
        e1_0.aadhar_no,
        e1_0.address,
        e1_0.adharimg,
        e1_0.bank_account_no,
        e1_0.bank_ifsc_code,
        e1_0.bank_name,
        e1_0.birth_date,
        e1_0.blood_group,
        e1_0.branch_name,
        e1_0.department,
        e1_0.device_serial_number,
        e1_0.education,
        e1_0.email,
        e1_0.empimg,
        e1_0.fcm_token,
        e1_0.fcm_token_updated_at,
        e1_0.first_name,
        e1_0.full_name,
        e1_0.gender,
        e1_0.job_role,
        e1_0.joining_date,
        e1_0.last_latitude,
        e1_0.last_longitude,
        e1_0.last_name,
        e1_0.latitude,
        e1_0.longitude,
        e1_0.notifications_enabled,
        e1_0.pan_card,
        e1_0.panimg,
        e1_0.password,
        e1_0.phone,
        e1_0.role,
        e1_0.salary,
        e1_0.status,
        s1_0.id,
        s1_0.address,
        s1_0.cinno,
        s1_0.companylogo,
        s1_0.companyurl,
        s1_0.device_serial_number,
        s1_0.email,
        s1_0.email_server_password,
        s1_0.fcm_token,
        s1_0.fcm_token_updated_at,
        s1_0.gstno,
        s1_0.lastname,
        s1_0.latitude,
        s1_0.longitude,
        ma1_0.id,
        ma1_0.master_admin_email_server_password,
        ma1_0.email,
        ma1_0.mobileno,
        ma1_0.name,
        ma1_0.password,
        ma1_0.profile_img,
        ma1_0.roll,
        s1_0.name,
        s1_0.notifications_enabled,
        s1_0.package_count,
        s1_0.package_type,
        s1_0.password,
        s1_0.phoneno,
        s1_0.registercompanyname,
        s1_0.roll,
        s1_0.signature,
        s1_0.stamp_img,
        s1_0.status 
    from
        employee e1_0 
    left join
        subadmin s1_0 
            on s1_0.id=e1_0.subadmin_id 
    left join
        master_admin ma1_0 
            on ma1_0.id=s1_0.master_admin_id 
    where
        e1_0.emp_id=?
Hibernate: 
    select
        edm1_0.id,
        edm1_0.created_at,
        edm1_0.easytime_employee_id,
        edm1_0.emp_code,
        edm1_0.hrm_employee_id,
        edm1_0.enrollment_status,
        edm1_0.fingerprint_enrolled,
        edm1_0.subadmin_id,
        edm1_0.terminal_serial,
        edm1_0.updated_at 
    from
        employee_device_mapping edm1_0
Hibernate: 
    select
        st1_0.id,
        st1_0.api_token,
        st1_0.created_at,
        st1_0.easytime_api_url,
        st1_0.easytime_terminal_id,
        st1_0.last_sync_at,
        st1_0.location,
        st1_0.status,
        st1_0.subadmin_id,
        st1_0.terminal_name,
        st1_0.terminal_serial,
        st1_0.updated_at 
    from
        subadmin_terminals st1_0
Hibernate: 
    select
        st1_0.id,
        st1_0.api_token,
        st1_0.created_at,
        st1_0.easytime_api_url,
        st1_0.easytime_terminal_id,
        st1_0.last_sync_at,
        st1_0.location,
        st1_0.status,
        st1_0.subadmin_id,
        st1_0.terminal_name,
        st1_0.terminal_serial,
        st1_0.updated_at 
    from
        subadmin_terminals st1_0 
    where
        st1_0.status=?
Hibernate: 
    select
        st1_0.id,
        st1_0.api_token,
        st1_0.created_at,
        st1_0.easytime_api_url,
        st1_0.easytime_terminal_id,
        st1_0.last_sync_at,
        st1_0.location,
        st1_0.status,
        st1_0.subadmin_id,
        st1_0.terminal_name,
        st1_0.terminal_serial,
        st1_0.updated_at 
    from
        subadmin_terminals st1_0 
    where
        st1_0.status=?
Hibernate: 
    select
        st1_0.id,
        st1_0.api_token,
        st1_0.created_at,
        st1_0.easytime_api_url,
        st1_0.easytime_terminal_id,
        st1_0.last_sync_at,
        st1_0.location,
        st1_0.status,
        st1_0.subadmin_id,
        st1_0.terminal_name,
        st1_0.terminal_serial,
        st1_0.updated_at 
    from
        subadmin_terminals st1_0 
    where
        st1_0.status=?
🏁 Completed periodic attendance sync. Processed 0 terminals
Hibernate: 
    select
        a1_0.id,
        a1_0.attendance_source,
        a1_0.attendance_type,
        a1_0.biometric_device_id,
        a1_0.biometric_user_id,
        a1_0.break_duration,
        a1_0.date,
        a1_0.device_serial,
        a1_0.employee_id,
        a1_0.field_location,
        a1_0.image_path,
        a1_0.lunch_in_time,
        a1_0.lunch_out_time,
        a1_0.lunch_punch_in,
        a1_0.lunch_punch_out,
        a1_0.punch_in,
        a1_0.punch_in_time,
        a1_0.punch_out,
        a1_0.punch_out_time,
        a1_0.punch_source,
        a1_0.raw_data,
        a1_0.reason,
        a1_0.status,
        a1_0.verify_type,
        a1_0.work_description,
        a1_0.work_type,
        a1_0.working_hours 
    from
        attendance a1_0 
    where
        a1_0.employee_id=? 
        and a1_0.date=?
Checking for new punch data for terminal: BOCK194960340
Hibernate: 
    select
        e1_0.emp_id,
        e1_0.aadhar_no,
        e1_0.address,
        e1_0.adharimg,
        e1_0.bank_account_no,
        e1_0.bank_ifsc_code,
        e1_0.bank_name,
        e1_0.birth_date,
        e1_0.blood_group,
        e1_0.branch_name,
        e1_0.department,
        e1_0.device_serial_number,
        e1_0.education,
        e1_0.email,
        e1_0.empimg,
        e1_0.fcm_token,
        e1_0.fcm_token_updated_at,
        e1_0.first_name,
        e1_0.full_name,
        e1_0.gender,
        e1_0.job_role,
        e1_0.joining_date,
        e1_0.last_latitude,
        e1_0.last_longitude,
        e1_0.last_name,
        e1_0.latitude,
        e1_0.longitude,
        e1_0.notifications_enabled,
        e1_0.pan_card,
        e1_0.panimg,
        e1_0.password,
        e1_0.phone,
        e1_0.role,
        e1_0.salary,
        e1_0.status,
        s1_0.id,
        s1_0.address,
        s1_0.cinno,
        s1_0.companylogo,
        s1_0.companyurl,
        s1_0.device_serial_number,
        s1_0.email,
        s1_0.email_server_password,
        s1_0.fcm_token,
        s1_0.fcm_token_updated_at,
        s1_0.gstno,
        s1_0.lastname,
        s1_0.latitude,
        s1_0.longitude,
        ma1_0.id,
        ma1_0.master_admin_email_server_password,
        ma1_0.email,
        ma1_0.mobileno,
        ma1_0.name,
        ma1_0.password,
        ma1_0.profile_img,
        ma1_0.roll,
        s1_0.name,
        s1_0.notifications_enabled,
        s1_0.package_count,
        s1_0.package_type,
        s1_0.password,
        s1_0.phoneno,
        s1_0.registercompanyname,
        s1_0.roll,
        s1_0.signature,
        s1_0.stamp_img,
        s1_0.status 
    from
        employee e1_0 
    left join
        subadmin s1_0 
            on s1_0.id=e1_0.subadmin_id 
    left join
        master_admin ma1_0 
            on ma1_0.id=s1_0.master_admin_id 
    where
        e1_0.emp_id=?
Hibernate: 
    select
        e1_0.emp_id,
        e1_0.aadhar_no,
        e1_0.address,
        e1_0.adharimg,
        e1_0.bank_account_no,
        e1_0.bank_ifsc_code,
        e1_0.bank_name,
        e1_0.birth_date,
        e1_0.blood_group,
        e1_0.branch_name,
        e1_0.department,
        e1_0.device_serial_number,
        e1_0.education,
        e1_0.email,
        e1_0.empimg,
        e1_0.fcm_token,
        e1_0.fcm_token_updated_at,
        e1_0.first_name,
        e1_0.full_name,
        e1_0.gender,
        e1_0.job_role,
        e1_0.joining_date,
        e1_0.last_latitude,
        e1_0.last_longitude,
        e1_0.last_name,
        e1_0.latitude,
        e1_0.longitude,
        e1_0.notifications_enabled,
        e1_0.pan_card,
        e1_0.panimg,
        e1_0.password,
        e1_0.phone,
        e1_0.role,
        e1_0.salary,
        e1_0.status,
        s1_0.id,
        s1_0.address,
        s1_0.cinno,
        s1_0.companylogo,
        s1_0.companyurl,
        s1_0.device_serial_number,
        s1_0.email,
        s1_0.email_server_password,
        s1_0.fcm_token,
        s1_0.fcm_token_updated_at,
        s1_0.gstno,
        s1_0.lastname,
        s1_0.latitude,
        s1_0.longitude,
        ma1_0.id,
        ma1_0.master_admin_email_server_password,
        ma1_0.email,
        ma1_0.mobileno,
        ma1_0.name,
        ma1_0.password,
        ma1_0.profile_img,
        ma1_0.roll,
        s1_0.name,
        s1_0.notifications_enabled,
        s1_0.package_count,
        s1_0.package_type,
        s1_0.password,
        s1_0.phoneno,
        s1_0.registercompanyname,
        s1_0.roll,
        s1_0.signature,
        s1_0.stamp_img,
        s1_0.status 
    from
        employee e1_0 
    left join
        subadmin s1_0 
            on s1_0.id=e1_0.subadmin_id 
    left join
        master_admin ma1_0 
            on ma1_0.id=s1_0.master_admin_id 
    where
        e1_0.emp_id=?
⚠️ Duplicate punch IN ignored - keeping first punch: 19:34:00
🔄 arbaj shaikh - 13:39:13 - IN [Device: BOCK194960340] (Processing...)
Hibernate: 
    select
        a1_0.id,
        a1_0.attendance_source,
        a1_0.attendance_type,
        a1_0.biometric_device_id,
        a1_0.biometric_user_id,
        a1_0.break_duration,
        a1_0.date,
        a1_0.device_serial,
        a1_0.employee_id,
        a1_0.field_location,
        a1_0.image_path,
        a1_0.lunch_in_time,
        a1_0.lunch_out_time,
        a1_0.lunch_punch_in,
        a1_0.lunch_punch_out,
        a1_0.punch_in,
        a1_0.punch_in_time,
        a1_0.punch_out,
        a1_0.punch_out_time,
        a1_0.punch_source,
        a1_0.raw_data,
        a1_0.reason,
        a1_0.status,
        a1_0.verify_type,
        a1_0.work_description,
        a1_0.work_type,
        a1_0.working_hours 
    from
        attendance a1_0 
    where
        a1_0.employee_id=? 
        and a1_0.date=?
Hibernate: 
    select
        e1_0.emp_id,
        e1_0.aadhar_no,
        e1_0.address,
        e1_0.adharimg,
        e1_0.bank_account_no,
        e1_0.bank_ifsc_code,
        e1_0.bank_name,
        e1_0.birth_date,
        e1_0.blood_group,
        e1_0.branch_name,
        e1_0.department,
        e1_0.device_serial_number,
        e1_0.education,
        e1_0.email,
        e1_0.empimg,
        e1_0.fcm_token,
        e1_0.fcm_token_updated_at,
        e1_0.first_name,
        e1_0.full_name,
        e1_0.gender,
        e1_0.job_role,
        e1_0.joining_date,
        e1_0.last_latitude,
        e1_0.last_longitude,
        e1_0.last_name,
        e1_0.latitude,
        e1_0.longitude,
        e1_0.notifications_enabled,
        e1_0.pan_card,
        e1_0.panimg,
        e1_0.password,
        e1_0.phone,
        e1_0.role,
        e1_0.salary,
        e1_0.status,
        s1_0.id,
        s1_0.address,
        s1_0.cinno,
        s1_0.companylogo,
        s1_0.companyurl,
        s1_0.device_serial_number,
        s1_0.email,
        s1_0.email_server_password,
        s1_0.fcm_token,
        s1_0.fcm_token_updated_at,
        s1_0.gstno,
        s1_0.lastname,
        s1_0.latitude,
        s1_0.longitude,
        ma1_0.id,
        ma1_0.master_admin_email_server_password,
        ma1_0.email,
        ma1_0.mobileno,
        ma1_0.name,
        ma1_0.password,
        ma1_0.profile_img,
        ma1_0.roll,
        s1_0.name,
        s1_0.notifications_enabled,
        s1_0.package_count,
        s1_0.package_type,
        s1_0.password,
        s1_0.phoneno,
        s1_0.registercompanyname,
        s1_0.roll,
        s1_0.signature,
        s1_0.stamp_img,
        s1_0.status 
    from
        employee e1_0 
    left join
        subadmin s1_0 
            on s1_0.id=e1_0.subadmin_id 
    left join
        master_admin ma1_0 
            on ma1_0.id=s1_0.master_admin_id 
    where
        e1_0.emp_id=?
Ready to sync data for employee: Nivruti Mane
Hibernate: 
    select
        a1_0.id,
        a1_0.attendance_source,
        a1_0.attendance_type,
        a1_0.biometric_device_id,
        a1_0.biometric_user_id,
        a1_0.break_duration,
        a1_0.date,
        a1_0.device_serial,
        a1_0.employee_id,
        a1_0.field_location,
        a1_0.image_path,
        a1_0.lunch_in_time,
        a1_0.lunch_out_time,
        a1_0.lunch_punch_in,
        a1_0.lunch_punch_out,
        a1_0.punch_in,
        a1_0.punch_in_time,
        a1_0.punch_out,
        a1_0.punch_out_time,
        a1_0.punch_source,
        a1_0.raw_data,
        a1_0.reason,
        a1_0.status,
        a1_0.verify_type,
        a1_0.work_description,
        a1_0.work_type,
        a1_0.working_hours 
    from
        attendance a1_0 
    where
        a1_0.employee_id=? 
        and a1_0.date=?
Hibernate: 
    select
        e1_0.emp_id,
        e1_0.aadhar_no,
        e1_0.address,
        e1_0.adharimg,
        e1_0.bank_account_no,
        e1_0.bank_ifsc_code,
        e1_0.bank_name,
        e1_0.birth_date,
        e1_0.blood_group,
        e1_0.branch_name,
        e1_0.department,
        e1_0.device_serial_number,
        e1_0.education,
        e1_0.email,
        e1_0.empimg,
        e1_0.fcm_token,
        e1_0.fcm_token_updated_at,
        e1_0.first_name,
        e1_0.full_name,
        e1_0.gender,
        e1_0.job_role,
        e1_0.joining_date,
        e1_0.last_latitude,
        e1_0.last_longitude,
        e1_0.last_name,
        e1_0.latitude,
        e1_0.longitude,
        e1_0.notifications_enabled,
        e1_0.pan_card,
        e1_0.panimg,
        e1_0.password,
        e1_0.phone,
        e1_0.role,
        e1_0.salary,
        e1_0.status,
        s1_0.id,
        s1_0.address,
        s1_0.cinno,
        s1_0.companylogo,
        s1_0.companyurl,
        s1_0.device_serial_number,
        s1_0.email,
        s1_0.email_server_password,
        s1_0.fcm_token,
        s1_0.fcm_token_updated_at,
        s1_0.gstno,
        s1_0.lastname,
        s1_0.latitude,
        s1_0.longitude,
        ma1_0.id,
        ma1_0.master_admin_email_server_password,
        ma1_0.email,
        ma1_0.mobileno,
        ma1_0.name,
        ma1_0.password,
        ma1_0.profile_img,
        ma1_0.roll,
        s1_0.name,
        s1_0.notifications_enabled,
        s1_0.package_count,
        s1_0.package_type,
        s1_0.password,
        s1_0.phoneno,
        s1_0.registercompanyname,
        s1_0.roll,
        s1_0.signature,
        s1_0.stamp_img,
        s1_0.status 
    from
        employee e1_0 
    left join
        subadmin s1_0 
            on s1_0.id=e1_0.subadmin_id 
    left join
        master_admin ma1_0 
            on ma1_0.id=s1_0.master_admin_id 
    where
        e1_0.emp_id=?
⚠️ Duplicate punch IN ignored - keeping first punch: 19:34:00
🔄 arbaj shaikh - 13:40:04 - IN [Device: BOCK194960340] (Processing...)
Hibernate: 
    select
        e1_0.emp_id,
        e1_0.aadhar_no,
        e1_0.address,
        e1_0.adharimg,
        e1_0.bank_account_no,
        e1_0.bank_ifsc_code,
        e1_0.bank_name,
        e1_0.birth_date,
        e1_0.blood_group,
        e1_0.branch_name,
        e1_0.department,
        e1_0.device_serial_number,
        e1_0.education,
        e1_0.email,
        e1_0.empimg,
        e1_0.fcm_token,
        e1_0.fcm_token_updated_at,
        e1_0.first_name,
        e1_0.full_name,
        e1_0.gender,
        e1_0.job_role,
        e1_0.joining_date,
        e1_0.last_latitude,
        e1_0.last_longitude,
        e1_0.last_name,
        e1_0.latitude,
        e1_0.longitude,
        e1_0.notifications_enabled,
        e1_0.pan_card,
        e1_0.panimg,
        e1_0.password,
        e1_0.phone,
        e1_0.role,
        e1_0.salary,
        e1_0.status,
        s1_0.id,
        s1_0.address,
        s1_0.cinno,
        s1_0.companylogo,
        s1_0.companyurl,
        s1_0.device_serial_number,
        s1_0.email,
        s1_0.email_server_password,
        s1_0.fcm_token,
        s1_0.fcm_token_updated_at,
        s1_0.gstno,
        s1_0.lastname,
        s1_0.latitude,
        s1_0.longitude,
        ma1_0.id,
        ma1_0.master_admin_email_server_password,
        ma1_0.email,
        ma1_0.mobileno,
        ma1_0.name,
        ma1_0.password,
        ma1_0.profile_img,
        ma1_0.roll,
        s1_0.name,
        s1_0.notifications_enabled,
        s1_0.package_count,
        s1_0.package_type,
        s1_0.password,
        s1_0.phoneno,
        s1_0.registercompanyname,
        s1_0.roll,
        s1_0.signature,
        s1_0.stamp_img,
        s1_0.status 
    from
        employee e1_0 
    left join
        subadmin s1_0 
            on s1_0.id=e1_0.subadmin_id 
    left join
        master_admin ma1_0 
            on ma1_0.id=s1_0.master_admin_id 
    where
        e1_0.emp_id=?
Hibernate: 
    select
        a1_0.id,
        a1_0.attendance_source,
        a1_0.attendance_type,
        a1_0.biometric_device_id,
        a1_0.biometric_user_id,
        a1_0.break_duration,
        a1_0.date,
        a1_0.device_serial,
        a1_0.employee_id,
        a1_0.field_location,
        a1_0.image_path,
        a1_0.lunch_in_time,
        a1_0.lunch_out_time,
        a1_0.lunch_punch_in,
        a1_0.lunch_punch_out,
        a1_0.punch_in,
        a1_0.punch_in_time,
        a1_0.punch_out,
        a1_0.punch_out_time,
        a1_0.punch_source,
        a1_0.raw_data,
        a1_0.reason,
        a1_0.status,
        a1_0.verify_type,
        a1_0.work_description,
        a1_0.work_type,
        a1_0.working_hours 
    from
        attendance a1_0 
    where
        a1_0.employee_id=? 
        and a1_0.date=?
Hibernate: 
    select
        e1_0.emp_id,
        e1_0.aadhar_no,
        e1_0.address,
        e1_0.adharimg,
        e1_0.bank_account_no,
        e1_0.bank_ifsc_code,
        e1_0.bank_name,
        e1_0.birth_date,
        e1_0.blood_group,
        e1_0.branch_name,
        e1_0.department,
        e1_0.device_serial_number,
        e1_0.education,
        e1_0.email,
        e1_0.empimg,
        e1_0.fcm_token,
        e1_0.fcm_token_updated_at,
        e1_0.first_name,
        e1_0.full_name,
        e1_0.gender,
        e1_0.job_role,
        e1_0.joining_date,
        e1_0.last_latitude,
        e1_0.last_longitude,
        e1_0.last_name,
        e1_0.latitude,
        e1_0.longitude,
        e1_0.notifications_enabled,
        e1_0.pan_card,
        e1_0.panimg,
        e1_0.password,
        e1_0.phone,
        e1_0.role,
        e1_0.salary,
        e1_0.status,
        s1_0.id,
        s1_0.address,
        s1_0.cinno,
        s1_0.companylogo,
        s1_0.companyurl,
        s1_0.device_serial_number,
        s1_0.email,
        s1_0.email_server_password,
        s1_0.fcm_token,
        s1_0.fcm_token_updated_at,
        s1_0.gstno,
        s1_0.lastname,
        s1_0.latitude,
        s1_0.longitude,
        ma1_0.id,
        ma1_0.master_admin_email_server_password,
        ma1_0.email,
        ma1_0.mobileno,
        ma1_0.name,
        ma1_0.password,
        ma1_0.profile_img,
        ma1_0.roll,
        s1_0.name,
        s1_0.notifications_enabled,
        s1_0.package_count,
        s1_0.package_type,
        s1_0.password,
        s1_0.phoneno,
        s1_0.registercompanyname,
        s1_0.roll,
        s1_0.signature,
        s1_0.stamp_img,
        s1_0.status 
    from
        employee e1_0 
    left join
        subadmin s1_0 
            on s1_0.id=e1_0.subadmin_id 
    left join
        master_admin ma1_0 
            on ma1_0.id=s1_0.master_admin_id 
    where
        e1_0.emp_id=?
⚠️ Duplicate punch IN ignored - keeping first punch: 19:34:00
🔄 arbaj shaikh - 13:42:05 - IN [Device: BOCK194960340] (Processing...)
Hibernate: 
    select
        e1_0.emp_id,
        e1_0.aadhar_no,
        e1_0.address,
        e1_0.adharimg,
        e1_0.bank_account_no,
        e1_0.bank_ifsc_code,
        e1_0.bank_name,
        e1_0.birth_date,
        e1_0.blood_group,
        e1_0.branch_name,
        e1_0.department,
        e1_0.device_serial_number,
        e1_0.education,
        e1_0.email,
        e1_0.empimg,
        e1_0.fcm_token,
        e1_0.fcm_token_updated_at,
        e1_0.first_name,
        e1_0.full_name,
        e1_0.gender,
        e1_0.job_role,
        e1_0.joining_date,
        e1_0.last_latitude,
        e1_0.last_longitude,
        e1_0.last_name,
        e1_0.latitude,
        e1_0.longitude,
        e1_0.notifications_enabled,
        e1_0.pan_card,
        e1_0.panimg,
        e1_0.password,
        e1_0.phone,
        e1_0.role,
        e1_0.salary,
        e1_0.status,
        s1_0.id,
        s1_0.address,
        s1_0.cinno,
        s1_0.companylogo,
        s1_0.companyurl,
        s1_0.device_serial_number,
        s1_0.email,
        s1_0.email_server_password,
        s1_0.fcm_token,
        s1_0.fcm_token_updated_at,
        s1_0.gstno,
        s1_0.lastname,
        s1_0.latitude,
        s1_0.longitude,
        ma1_0.id,
        ma1_0.master_admin_email_server_password,
        ma1_0.email,
        ma1_0.mobileno,
        ma1_0.name,
        ma1_0.password,
        ma1_0.profile_img,
        ma1_0.roll,
        s1_0.name,
        s1_0.notifications_enabled,
        s1_0.package_count,
        s1_0.package_type,
        s1_0.password,
        s1_0.phoneno,
        s1_0.registercompanyname,
        s1_0.roll,
        s1_0.signature,
        s1_0.stamp_img,
        s1_0.status 
    from
        employee e1_0 
    left join
        subadmin s1_0 
            on s1_0.id=e1_0.subadmin_id 
    left join
        master_admin ma1_0 
            on ma1_0.id=s1_0.master_admin_id 
    where
        e1_0.emp_id=?
Hibernate: 
    select
        a1_0.id,
        a1_0.attendance_source,
        a1_0.attendance_type,
        a1_0.biometric_device_id,
        a1_0.biometric_user_id,
        a1_0.break_duration,
        a1_0.date,
        a1_0.device_serial,
        a1_0.employee_id,
        a1_0.field_location,
        a1_0.image_path,
        a1_0.lunch_in_time,
        a1_0.lunch_out_time,
        a1_0.lunch_punch_in,
        a1_0.lunch_punch_out,
        a1_0.punch_in,
        a1_0.punch_in_time,
        a1_0.punch_out,
        a1_0.punch_out_time,
        a1_0.punch_source,
        a1_0.raw_data,
        a1_0.reason,
        a1_0.status,
        a1_0.verify_type,
        a1_0.work_description,
        a1_0.work_type,
        a1_0.working_hours 
    from
        attendance a1_0 
    where
        a1_0.employee_id=? 
        and a1_0.date=?
Hibernate: 
    select
        e1_0.emp_id,
        e1_0.aadhar_no,
        e1_0.address,
        e1_0.adharimg,
        e1_0.bank_account_no,
        e1_0.bank_ifsc_code,
        e1_0.bank_name,
        e1_0.birth_date,
        e1_0.blood_group,
        e1_0.branch_name,
        e1_0.department,
        e1_0.device_serial_number,
        e1_0.education,
        e1_0.email,
        e1_0.empimg,
        e1_0.fcm_token,
        e1_0.fcm_token_updated_at,
        e1_0.first_name,
        e1_0.full_name,
        e1_0.gender,
        e1_0.job_role,
        e1_0.joining_date,
        e1_0.last_latitude,
        e1_0.last_longitude,
        e1_0.last_name,
        e1_0.latitude,
        e1_0.longitude,
        e1_0.notifications_enabled,
        e1_0.pan_card,
        e1_0.panimg,
        e1_0.password,
        e1_0.phone,
        e1_0.role,
        e1_0.salary,
        e1_0.status,
        s1_0.id,
        s1_0.address,
        s1_0.cinno,
        s1_0.companylogo,
        s1_0.companyurl,
        s1_0.device_serial_number,
        s1_0.email,
        s1_0.email_server_password,
        s1_0.fcm_token,
        s1_0.fcm_token_updated_at,
        s1_0.gstno,
        s1_0.lastname,
        s1_0.latitude,
        s1_0.longitude,
        ma1_0.id,
        ma1_0.master_admin_email_server_password,
        ma1_0.email,
        ma1_0.mobileno,
        ma1_0.name,
        ma1_0.password,
        ma1_0.profile_img,
        ma1_0.roll,
        s1_0.name,
        s1_0.notifications_enabled,
        s1_0.package_count,
        s1_0.package_type,
        s1_0.password,
        s1_0.phoneno,
        s1_0.registercompanyname,
        s1_0.roll,
        s1_0.signature,
        s1_0.stamp_img,
        s1_0.status 
    from
        employee e1_0 
    left join
        subadmin s1_0 
            on s1_0.id=e1_0.subadmin_id 
    left join
        master_admin ma1_0 
            on ma1_0.id=s1_0.master_admin_id 
    where
        e1_0.emp_id=?
⚠️ Duplicate punch IN ignored - keeping first punch: 19:34:00
🔄 arbaj shaikh - 13:58:57 - IN [Device: BOCK194960340] (Processing...)
Hibernate: 
    select
        e1_0.emp_id,
        e1_0.aadhar_no,
        e1_0.address,
        e1_0.adharimg,
        e1_0.bank_account_no,
        e1_0.bank_ifsc_code,
        e1_0.bank_name,
        e1_0.birth_date,
        e1_0.blood_group,
        e1_0.branch_name,
        e1_0.department,
        e1_0.device_serial_number,
        e1_0.education,
        e1_0.email,
        e1_0.empimg,
        e1_0.fcm_token,
        e1_0.fcm_token_updated_at,
        e1_0.first_name,
        e1_0.full_name,
        e1_0.gender,
        e1_0.job_role,
        e1_0.joining_date,
        e1_0.last_latitude,
        e1_0.last_longitude,
        e1_0.last_name,
        e1_0.latitude,
        e1_0.longitude,
        e1_0.notifications_enabled,
        e1_0.pan_card,
        e1_0.panimg,
        e1_0.password,
        e1_0.phone,
        e1_0.role,
        e1_0.salary,
        e1_0.status,
        s1_0.id,
        s1_0.address,
        s1_0.cinno,
        s1_0.companylogo,
        s1_0.companyurl,
        s1_0.device_serial_number,
        s1_0.email,
        s1_0.email_server_password,
        s1_0.fcm_token,
        s1_0.fcm_token_updated_at,
        s1_0.gstno,
        s1_0.lastname,
        s1_0.latitude,
        s1_0.longitude,
        ma1_0.id,
        ma1_0.master_admin_email_server_password,
        ma1_0.email,
        ma1_0.mobileno,
        ma1_0.name,
        ma1_0.password,
        ma1_0.profile_img,
        ma1_0.roll,
        s1_0.name,
        s1_0.notifications_enabled,
        s1_0.package_count,
        s1_0.package_type,
        s1_0.password,
        s1_0.phoneno,
        s1_0.registercompanyname,
        s1_0.roll,
        s1_0.signature,
        s1_0.stamp_img,
        s1_0.status 
    from
        employee e1_0 
    left join
        subadmin s1_0 
            on s1_0.id=e1_0.subadmin_id 
    left join
        master_admin ma1_0 
            on ma1_0.id=s1_0.master_admin_id 
    where
        e1_0.emp_id=?
Hibernate: 
    select
        a1_0.id,
        a1_0.attendance_source,
        a1_0.attendance_type,
        a1_0.biometric_device_id,
        a1_0.biometric_user_id,
        a1_0.break_duration,
        a1_0.date,
        a1_0.device_serial,
        a1_0.employee_id,
        a1_0.field_location,
        a1_0.image_path,
        a1_0.lunch_in_time,
        a1_0.lunch_out_time,
        a1_0.lunch_punch_in,
        a1_0.lunch_punch_out,
        a1_0.punch_in,
        a1_0.punch_in_time,
        a1_0.punch_out,
        a1_0.punch_out_time,
        a1_0.punch_source,
        a1_0.raw_data,
        a1_0.reason,
        a1_0.status,
        a1_0.verify_type,
        a1_0.work_description,
        a1_0.work_type,
        a1_0.working_hours 
    from
        attendance a1_0 
    where
        a1_0.employee_id=? 
        and a1_0.date=?
Hibernate: 
    select
        e1_0.emp_id,
        e1_0.aadhar_no,
        e1_0.address,
        e1_0.adharimg,
        e1_0.bank_account_no,
        e1_0.bank_ifsc_code,
        e1_0.bank_name,
        e1_0.birth_date,
        e1_0.blood_group,
        e1_0.branch_name,
        e1_0.department,
        e1_0.device_serial_number,
        e1_0.education,
        e1_0.email,
        e1_0.empimg,
        e1_0.fcm_token,
        e1_0.fcm_token_updated_at,
        e1_0.first_name,
        e1_0.full_name,
        e1_0.gender,
        e1_0.job_role,
        e1_0.joining_date,
        e1_0.last_latitude,
        e1_0.last_longitude,
        e1_0.last_name,
        e1_0.latitude,
        e1_0.longitude,
        e1_0.notifications_enabled,
        e1_0.pan_card,
        e1_0.panimg,
        e1_0.password,
        e1_0.phone,
        e1_0.role,
        e1_0.salary,
        e1_0.status,
        s1_0.id,
        s1_0.address,
        s1_0.cinno,
        s1_0.companylogo,
        s1_0.companyurl,
        s1_0.device_serial_number,
        s1_0.email,
        s1_0.email_server_password,
        s1_0.fcm_token,
        s1_0.fcm_token_updated_at,
        s1_0.gstno,
        s1_0.lastname,
        s1_0.latitude,
        s1_0.longitude,
        ma1_0.id,
        ma1_0.master_admin_email_server_password,
        ma1_0.email,
        ma1_0.mobileno,
        ma1_0.name,
        ma1_0.password,
        ma1_0.profile_img,
        ma1_0.roll,
        s1_0.name,
        s1_0.notifications_enabled,
        s1_0.package_count,
        s1_0.package_type,
        s1_0.password,
        s1_0.phoneno,
        s1_0.registercompanyname,
        s1_0.roll,
        s1_0.signature,
        s1_0.stamp_img,
        s1_0.status 
    from
        employee e1_0 
    left join
        subadmin s1_0 
            on s1_0.id=e1_0.subadmin_id 
    left join
        master_admin ma1_0 
            on ma1_0.id=s1_0.master_admin_id 
    where
        e1_0.emp_id=?
⚠️ Duplicate punch IN ignored - keeping first punch: 19:34:00
🔄 arbaj shaikh - 13:59:36 - IN [Device: BOCK194960340] (Processing...)
Hibernate: 
    select
        e1_0.emp_id,
        e1_0.aadhar_no,
        e1_0.address,
        e1_0.adharimg,
        e1_0.bank_account_no,
        e1_0.bank_ifsc_code,
        e1_0.bank_name,
        e1_0.birth_date,
        e1_0.blood_group,
        e1_0.branch_name,
        e1_0.department,
        e1_0.device_serial_number,
        e1_0.education,
        e1_0.email,
        e1_0.empimg,
        e1_0.fcm_token,
        e1_0.fcm_token_updated_at,
        e1_0.first_name,
        e1_0.full_name,
        e1_0.gender,
        e1_0.job_role,
        e1_0.joining_date,
        e1_0.last_latitude,
        e1_0.last_longitude,
        e1_0.last_name,
        e1_0.latitude,
        e1_0.longitude,
        e1_0.notifications_enabled,
        e1_0.pan_card,
        e1_0.panimg,
        e1_0.password,
        e1_0.phone,
        e1_0.role,
        e1_0.salary,
        e1_0.status,
        s1_0.id,
        s1_0.address,
        s1_0.cinno,
        s1_0.companylogo,
        s1_0.companyurl,
        s1_0.device_serial_number,
        s1_0.email,
        s1_0.email_server_password,
        s1_0.fcm_token,
        s1_0.fcm_token_updated_at,
        s1_0.gstno,
        s1_0.lastname,
        s1_0.latitude,
        s1_0.longitude,
        ma1_0.id,
        ma1_0.master_admin_email_server_password,
        ma1_0.email,
        ma1_0.mobileno,
        ma1_0.name,
        ma1_0.password,
        ma1_0.profile_img,
        ma1_0.roll,
        s1_0.name,
        s1_0.notifications_enabled,
        s1_0.package_count,
        s1_0.package_type,
        s1_0.password,
        s1_0.phoneno,
        s1_0.registercompanyname,
        s1_0.roll,
        s1_0.signature,
        s1_0.stamp_img,
        s1_0.status 
    from
        employee e1_0 
    left join
        subadmin s1_0 
            on s1_0.id=e1_0.subadmin_id 
    left join
        master_admin ma1_0 
            on ma1_0.id=s1_0.master_admin_id 
    where
        e1_0.emp_id=?
Hibernate: 
    select
        a1_0.id,
        a1_0.attendance_source,
        a1_0.attendance_type,
        a1_0.biometric_device_id,
        a1_0.biometric_user_id,
        a1_0.break_duration,
        a1_0.date,
        a1_0.device_serial,
        a1_0.employee_id,
        a1_0.field_location,
        a1_0.image_path,
        a1_0.lunch_in_time,
        a1_0.lunch_out_time,
        a1_0.lunch_punch_in,
        a1_0.lunch_punch_out,
        a1_0.punch_in,
        a1_0.punch_in_time,
        a1_0.punch_out,
        a1_0.punch_out_time,
        a1_0.punch_source,
        a1_0.raw_data,
        a1_0.reason,
        a1_0.status,
        a1_0.verify_type,
        a1_0.work_description,
        a1_0.work_type,
        a1_0.working_hours 
    from
        attendance a1_0 
    where
        a1_0.employee_id=? 
        and a1_0.date=?
Hibernate: 
    select
        e1_0.emp_id,
        e1_0.aadhar_no,
        e1_0.address,
        e1_0.adharimg,
        e1_0.bank_account_no,
        e1_0.bank_ifsc_code,
        e1_0.bank_name,
        e1_0.birth_date,
        e1_0.blood_group,
        e1_0.branch_name,
        e1_0.department,
        e1_0.device_serial_number,
        e1_0.education,
        e1_0.email,
        e1_0.empimg,
        e1_0.fcm_token,
        e1_0.fcm_token_updated_at,
        e1_0.first_name,
        e1_0.full_name,
        e1_0.gender,
        e1_0.job_role,
        e1_0.joining_date,
        e1_0.last_latitude,
        e1_0.last_longitude,
        e1_0.last_name,
        e1_0.latitude,
        e1_0.longitude,
        e1_0.notifications_enabled,
        e1_0.pan_card,
        e1_0.panimg,
        e1_0.password,
        e1_0.phone,
        e1_0.role,
        e1_0.salary,
        e1_0.status,
        s1_0.id,
        s1_0.address,
        s1_0.cinno,
        s1_0.companylogo,
        s1_0.companyurl,
        s1_0.device_serial_number,
        s1_0.email,
        s1_0.email_server_password,
        s1_0.fcm_token,
        s1_0.fcm_token_updated_at,
        s1_0.gstno,
        s1_0.lastname,
        s1_0.latitude,
        s1_0.longitude,
        ma1_0.id,
        ma1_0.master_admin_email_server_password,
        ma1_0.email,
        ma1_0.mobileno,
        ma1_0.name,
        ma1_0.password,
        ma1_0.profile_img,
        ma1_0.roll,
        s1_0.name,
        s1_0.notifications_enabled,
        s1_0.package_count,
        s1_0.package_type,
        s1_0.password,
        s1_0.phoneno,
        s1_0.registercompanyname,
        s1_0.roll,
        s1_0.signature,
        s1_0.stamp_img,
        s1_0.status 
    from
        employee e1_0 
    left join
        subadmin s1_0 
            on s1_0.id=e1_0.subadmin_id 
    left join
        master_admin ma1_0 
            on ma1_0.id=s1_0.master_admin_id 
    where
        e1_0.emp_id=?
⚠️ Duplicate punch IN ignored - keeping first punch: 19:34:00
🔄 arbaj shaikh - 16:16:05 - IN [Device: BOCK194960340] (Processing...)
Hibernate: 
    select
        e1_0.emp_id,
        e1_0.aadhar_no,
        e1_0.address,
        e1_0.adharimg,
        e1_0.bank_account_no,
        e1_0.bank_ifsc_code,
        e1_0.bank_name,
        e1_0.birth_date,
        e1_0.blood_group,
        e1_0.branch_name,
        e1_0.department,
        e1_0.device_serial_number,
        e1_0.education,
        e1_0.email,
        e1_0.empimg,
        e1_0.fcm_token,
        e1_0.fcm_token_updated_at,
        e1_0.first_name,
        e1_0.full_name,
        e1_0.gender,
        e1_0.job_role,
        e1_0.joining_date,
        e1_0.last_latitude,
        e1_0.last_longitude,
        e1_0.last_name,
        e1_0.latitude,
        e1_0.longitude,
        e1_0.notifications_enabled,
        e1_0.pan_card,
        e1_0.panimg,
        e1_0.password,
        e1_0.phone,
        e1_0.role,
        e1_0.salary,
        e1_0.status,
        s1_0.id,
        s1_0.address,
        s1_0.cinno,
        s1_0.companylogo,
        s1_0.companyurl,
        s1_0.device_serial_number,
        s1_0.email,
        s1_0.email_server_password,
        s1_0.fcm_token,
        s1_0.fcm_token_updated_at,
        s1_0.gstno,
        s1_0.lastname,
        s1_0.latitude,
        s1_0.longitude,
        ma1_0.id,
        ma1_0.master_admin_email_server_password,
        ma1_0.email,
        ma1_0.mobileno,
        ma1_0.name,
        ma1_0.password,
        ma1_0.profile_img,
        ma1_0.roll,
        s1_0.name,
        s1_0.notifications_enabled,
        s1_0.package_count,
        s1_0.package_type,
        s1_0.password,
        s1_0.phoneno,
        s1_0.registercompanyname,
        s1_0.roll,
        s1_0.signature,
        s1_0.stamp_img,
        s1_0.status 
    from
        employee e1_0 
    left join
        subadmin s1_0 
            on s1_0.id=e1_0.subadmin_id 
    left join
        master_admin ma1_0 
            on ma1_0.id=s1_0.master_admin_id 
    where
        e1_0.emp_id=?
Hibernate: 
    select
        a1_0.id,
        a1_0.attendance_source,
        a1_0.attendance_type,
        a1_0.biometric_device_id,
        a1_0.biometric_user_id,
        a1_0.break_duration,
        a1_0.date,
        a1_0.device_serial,
        a1_0.employee_id,
        a1_0.field_location,
        a1_0.image_path,
        a1_0.lunch_in_time,
        a1_0.lunch_out_time,
        a1_0.lunch_punch_in,
        a1_0.lunch_punch_out,
        a1_0.punch_in,
        a1_0.punch_in_time,
        a1_0.punch_out,
        a1_0.punch_out_time,
        a1_0.punch_source,
        a1_0.raw_data,
        a1_0.reason,
        a1_0.status,
        a1_0.verify_type,
        a1_0.work_description,
        a1_0.work_type,
        a1_0.working_hours 
    from
        attendance a1_0 
    where
        a1_0.employee_id=? 
        and a1_0.date=?
Hibernate: 
    select
        e1_0.emp_id,
        e1_0.aadhar_no,
        e1_0.address,
        e1_0.adharimg,
        e1_0.bank_account_no,
        e1_0.bank_ifsc_code,
        e1_0.bank_name,
        e1_0.birth_date,
        e1_0.blood_group,
        e1_0.branch_name,
        e1_0.department,
        e1_0.device_serial_number,
        e1_0.education,
        e1_0.email,
        e1_0.empimg,
        e1_0.fcm_token,
        e1_0.fcm_token_updated_at,
        e1_0.first_name,
        e1_0.full_name,
        e1_0.gender,
        e1_0.job_role,
        e1_0.joining_date,
        e1_0.last_latitude,
        e1_0.last_longitude,
        e1_0.last_name,
        e1_0.latitude,
        e1_0.longitude,
        e1_0.notifications_enabled,
        e1_0.pan_card,
        e1_0.panimg,
        e1_0.password,
        e1_0.phone,
        e1_0.role,
        e1_0.salary,
        e1_0.status,
        s1_0.id,
        s1_0.address,
        s1_0.cinno,
        s1_0.companylogo,
        s1_0.companyurl,
        s1_0.device_serial_number,
        s1_0.email,
        s1_0.email_server_password,
        s1_0.fcm_token,
        s1_0.fcm_token_updated_at,
        s1_0.gstno,
        s1_0.lastname,
        s1_0.latitude,
        s1_0.longitude,
        ma1_0.id,
        ma1_0.master_admin_email_server_password,
        ma1_0.email,
        ma1_0.mobileno,
        ma1_0.name,
        ma1_0.password,
        ma1_0.profile_img,
        ma1_0.roll,
        s1_0.name,
        s1_0.notifications_enabled,
        s1_0.package_count,
        s1_0.package_type,
        s1_0.password,
        s1_0.phoneno,
        s1_0.registercompanyname,
        s1_0.roll,
        s1_0.signature,
        s1_0.stamp_img,
        s1_0.status 
    from
        employee e1_0 
    left join
        subadmin s1_0 
            on s1_0.id=e1_0.subadmin_id 
    left join
        master_admin ma1_0 
            on ma1_0.id=s1_0.master_admin_id 
    where
        e1_0.emp_id=?
⚠️ Duplicate punch IN ignored - keeping first punch: 19:34:00
🔄 arbaj shaikh - 16:24:47 - IN [Device: BOCK194960340] (Processing...)
Hibernate: 
    select
        e1_0.emp_id,
        e1_0.aadhar_no,
        e1_0.address,
        e1_0.adharimg,
        e1_0.bank_account_no,
        e1_0.bank_ifsc_code,
        e1_0.bank_name,
        e1_0.birth_date,
        e1_0.blood_group,
        e1_0.branch_name,
        e1_0.department,
        e1_0.device_serial_number,
        e1_0.education,
        e1_0.email,
        e1_0.empimg,
        e1_0.fcm_token,
        e1_0.fcm_token_updated_at,
        e1_0.first_name,
        e1_0.full_name,
        e1_0.gender,
        e1_0.job_role,
        e1_0.joining_date,
        e1_0.last_latitude,
        e1_0.last_longitude,
        e1_0.last_name,
        e1_0.latitude,
        e1_0.longitude,
        e1_0.notifications_enabled,
        e1_0.pan_card,
        e1_0.panimg,
        e1_0.password,
        e1_0.phone,
        e1_0.role,
        e1_0.salary,
        e1_0.status,
        s1_0.id,
        s1_0.address,
        s1_0.cinno,
        s1_0.companylogo,
        s1_0.companyurl,
        s1_0.device_serial_number,
        s1_0.email,
        s1_0.email_server_password,
        s1_0.fcm_token,
        s1_0.fcm_token_updated_at,
        s1_0.gstno,
        s1_0.lastname,
        s1_0.latitude,
        s1_0.longitude,
        ma1_0.id,
        ma1_0.master_admin_email_server_password,
        ma1_0.email,
        ma1_0.mobileno,
        ma1_0.name,
        ma1_0.password,
        ma1_0.profile_img,
        ma1_0.roll,
        s1_0.name,
        s1_0.notifications_enabled,
        s1_0.package_count,
        s1_0.package_type,
        s1_0.password,
        s1_0.phoneno,
        s1_0.registercompanyname,
        s1_0.roll,
        s1_0.signature,
        s1_0.stamp_img,
        s1_0.status 
    from
        employee e1_0 
    left join
        subadmin s1_0 
            on s1_0.id=e1_0.subadmin_id 
    left join
        master_admin ma1_0 
            on ma1_0.id=s1_0.master_admin_id 
    where
        e1_0.emp_id=?
Hibernate: 
    select
        a1_0.id,
        a1_0.attendance_source,
        a1_0.attendance_type,
        a1_0.biometric_device_id,
        a1_0.biometric_user_id,
        a1_0.break_duration,
        a1_0.date,
        a1_0.device_serial,
        a1_0.employee_id,
        a1_0.field_location,
        a1_0.image_path,
        a1_0.lunch_in_time,
        a1_0.lunch_out_time,
        a1_0.lunch_punch_in,
        a1_0.lunch_punch_out,
        a1_0.punch_in,
        a1_0.punch_in_time,
        a1_0.punch_out,
        a1_0.punch_out_time,
        a1_0.punch_source,
        a1_0.raw_data,
        a1_0.reason,
        a1_0.status,
        a1_0.verify_type,
        a1_0.work_description,
        a1_0.work_type,
        a1_0.working_hours 
    from
        attendance a1_0 
    where
        a1_0.employee_id=? 
        and a1_0.date=?
Hibernate: 
    select
        e1_0.emp_id,
        e1_0.aadhar_no,
        e1_0.address,
        e1_0.adharimg,
        e1_0.bank_account_no,
        e1_0.bank_ifsc_code,
        e1_0.bank_name,
        e1_0.birth_date,
        e1_0.blood_group,
        e1_0.branch_name,
        e1_0.department,
        e1_0.device_serial_number,
        e1_0.education,
        e1_0.email,
        e1_0.empimg,
        e1_0.fcm_token,
        e1_0.fcm_token_updated_at,
        e1_0.first_name,
        e1_0.full_name,
        e1_0.gender,
        e1_0.job_role,
        e1_0.joining_date,
        e1_0.last_latitude,
        e1_0.last_longitude,
        e1_0.last_name,
        e1_0.latitude,
        e1_0.longitude,
        e1_0.notifications_enabled,
        e1_0.pan_card,
        e1_0.panimg,
        e1_0.password,
        e1_0.phone,
        e1_0.role,
        e1_0.salary,
        e1_0.status,
        s1_0.id,
        s1_0.address,
        s1_0.cinno,
        s1_0.companylogo,
        s1_0.companyurl,
        s1_0.device_serial_number,
        s1_0.email,
        s1_0.email_server_password,
        s1_0.fcm_token,
        s1_0.fcm_token_updated_at,
        s1_0.gstno,
        s1_0.lastname,
        s1_0.latitude,
        s1_0.longitude,
        ma1_0.id,
        ma1_0.master_admin_email_server_password,
        ma1_0.email,
        ma1_0.mobileno,
        ma1_0.name,
        ma1_0.password,
        ma1_0.profile_img,
        ma1_0.roll,
        s1_0.name,
        s1_0.notifications_enabled,
        s1_0.package_count,
        s1_0.package_type,
        s1_0.password,
        s1_0.phoneno,
        s1_0.registercompanyname,
        s1_0.roll,
        s1_0.signature,
        s1_0.stamp_img,
        s1_0.status 
    from
        employee e1_0 
    left join
        subadmin s1_0 
            on s1_0.id=e1_0.subadmin_id 
    left join
        master_admin ma1_0 
            on ma1_0.id=s1_0.master_admin_id 
    where
        e1_0.emp_id=?
⚠️ Duplicate punch IN ignored - keeping first punch: 19:34:00
🔄 arbaj shaikh - 17:14:02 - IN [Device: BOCK194960340] (Processing...)
Hibernate: 
    select
        e1_0.emp_id,
        e1_0.aadhar_no,
        e1_0.address,
        e1_0.adharimg,
        e1_0.bank_account_no,
        e1_0.bank_ifsc_code,
        e1_0.bank_name,
        e1_0.birth_date,
        e1_0.blood_group,
        e1_0.branch_name,
        e1_0.department,
        e1_0.device_serial_number,
        e1_0.education,
        e1_0.email,
        e1_0.empimg,
        e1_0.fcm_token,
        e1_0.fcm_token_updated_at,
        e1_0.first_name,
        e1_0.full_name,
        e1_0.gender,
        e1_0.job_role,
        e1_0.joining_date,
        e1_0.last_latitude,
        e1_0.last_longitude,
        e1_0.last_name,
        e1_0.latitude,
        e1_0.longitude,
        e1_0.notifications_enabled,
        e1_0.pan_card,
        e1_0.panimg,
        e1_0.password,
        e1_0.phone,
        e1_0.role,
        e1_0.salary,
        e1_0.status,
        s1_0.id,
        s1_0.address,
        s1_0.cinno,
        s1_0.companylogo,
        s1_0.companyurl,
        s1_0.device_serial_number,
        s1_0.email,
        s1_0.email_server_password,
        s1_0.fcm_token,
        s1_0.fcm_token_updated_at,
        s1_0.gstno,
        s1_0.lastname,
        s1_0.latitude,
        s1_0.longitude,
        ma1_0.id,
        ma1_0.master_admin_email_server_password,
        ma1_0.email,
        ma1_0.mobileno,
        ma1_0.name,
        ma1_0.password,
        ma1_0.profile_img,
        ma1_0.roll,
        s1_0.name,
        s1_0.notifications_enabled,
        s1_0.package_count,
        s1_0.package_type,
        s1_0.password,
        s1_0.phoneno,
        s1_0.registercompanyname,
        s1_0.roll,
        s1_0.signature,
        s1_0.stamp_img,
        s1_0.status 
    from
        employee e1_0 
    left join
        subadmin s1_0 
            on s1_0.id=e1_0.subadmin_id 
    left join
        master_admin ma1_0 
            on ma1_0.id=s1_0.master_admin_id 
    where
        e1_0.emp_id=?
Hibernate: 
    select
        a1_0.id,
        a1_0.attendance_source,
        a1_0.attendance_type,
        a1_0.biometric_device_id,
        a1_0.biometric_user_id,
        a1_0.break_duration,
        a1_0.date,
        a1_0.device_serial,
        a1_0.employee_id,
        a1_0.field_location,
        a1_0.image_path,
        a1_0.lunch_in_time,
        a1_0.lunch_out_time,
        a1_0.lunch_punch_in,
        a1_0.lunch_punch_out,
        a1_0.punch_in,
        a1_0.punch_in_time,
        a1_0.punch_out,
        a1_0.punch_out_time,
        a1_0.punch_source,
        a1_0.raw_data,
        a1_0.reason,
        a1_0.status,
        a1_0.verify_type,
        a1_0.work_description,
        a1_0.work_type,
        a1_0.working_hours 
    from
        attendance a1_0 
    where
        a1_0.employee_id=? 
        and a1_0.date=?
Hibernate: 
    select
        e1_0.emp_id,
        e1_0.aadhar_no,
        e1_0.address,
        e1_0.adharimg,
        e1_0.bank_account_no,
        e1_0.bank_ifsc_code,
        e1_0.bank_name,
        e1_0.birth_date,
        e1_0.blood_group,
        e1_0.branch_name,
        e1_0.department,
        e1_0.device_serial_number,
        e1_0.education,
        e1_0.email,
        e1_0.empimg,
        e1_0.fcm_token,
        e1_0.fcm_token_updated_at,
        e1_0.first_name,
        e1_0.full_name,
        e1_0.gender,
        e1_0.job_role,
        e1_0.joining_date,
        e1_0.last_latitude,
        e1_0.last_longitude,
        e1_0.last_name,
        e1_0.latitude,
        e1_0.longitude,
        e1_0.notifications_enabled,
        e1_0.pan_card,
        e1_0.panimg,
        e1_0.password,
        e1_0.phone,
        e1_0.role,
        e1_0.salary,
        e1_0.status,
        s1_0.id,
        s1_0.address,
        s1_0.cinno,
        s1_0.companylogo,
        s1_0.companyurl,
        s1_0.device_serial_number,
        s1_0.email,
        s1_0.email_server_password,
        s1_0.fcm_token,
        s1_0.fcm_token_updated_at,
        s1_0.gstno,
        s1_0.lastname,
        s1_0.latitude,
        s1_0.longitude,
        ma1_0.id,
        ma1_0.master_admin_email_server_password,
        ma1_0.email,
        ma1_0.mobileno,
        ma1_0.name,
        ma1_0.password,
        ma1_0.profile_img,
        ma1_0.roll,
        s1_0.name,
        s1_0.notifications_enabled,
        s1_0.package_count,
        s1_0.package_type,
        s1_0.password,
        s1_0.phoneno,
        s1_0.registercompanyname,
        s1_0.roll,
        s1_0.signature,
        s1_0.stamp_img,
        s1_0.status 
    from
        employee e1_0 
    left join
        subadmin s1_0 
            on s1_0.id=e1_0.subadmin_id 
    left join
        master_admin ma1_0 
            on ma1_0.id=s1_0.master_admin_id 
    where
        e1_0.emp_id=?
⚠️ Duplicate punch IN ignored - keeping first punch: 19:34:00
🔄 arbaj shaikh - 17:14:20 - IN [Device: BOCK194960340] (Processing...)
Hibernate: 
    select
        e1_0.emp_id,
        e1_0.aadhar_no,
        e1_0.address,
        e1_0.adharimg,
        e1_0.bank_account_no,
        e1_0.bank_ifsc_code,
        e1_0.bank_name,
        e1_0.birth_date,
        e1_0.blood_group,
        e1_0.branch_name,
        e1_0.department,
        e1_0.device_serial_number,
        e1_0.education,
        e1_0.email,
        e1_0.empimg,
        e1_0.fcm_token,
        e1_0.fcm_token_updated_at,
        e1_0.first_name,
        e1_0.full_name,
        e1_0.gender,
        e1_0.job_role,
        e1_0.joining_date,
        e1_0.last_latitude,
        e1_0.last_longitude,
        e1_0.last_name,
        e1_0.latitude,
        e1_0.longitude,
        e1_0.notifications_enabled,
        e1_0.pan_card,
        e1_0.panimg,
        e1_0.password,
        e1_0.phone,
        e1_0.role,
        e1_0.salary,
        e1_0.status,
        s1_0.id,
        s1_0.address,
        s1_0.cinno,
        s1_0.companylogo,
        s1_0.companyurl,
        s1_0.device_serial_number,
        s1_0.email,
        s1_0.email_server_password,
        s1_0.fcm_token,
        s1_0.fcm_token_updated_at,
        s1_0.gstno,
        s1_0.lastname,
        s1_0.latitude,
        s1_0.longitude,
        ma1_0.id,
        ma1_0.master_admin_email_server_password,
        ma1_0.email,
        ma1_0.mobileno,
        ma1_0.name,
        ma1_0.password,
        ma1_0.profile_img,
        ma1_0.roll,
        s1_0.name,
        s1_0.notifications_enabled,
        s1_0.package_count,
        s1_0.package_type,
        s1_0.password,
        s1_0.phoneno,
        s1_0.registercompanyname,
        s1_0.roll,
        s1_0.signature,
        s1_0.stamp_img,
        s1_0.status 
    from
        employee e1_0 
    left join
        subadmin s1_0 
            on s1_0.id=e1_0.subadmin_id 
    left join
        master_admin ma1_0 
            on ma1_0.id=s1_0.master_admin_id 
    where
        e1_0.emp_id=?
Hibernate: 
    select
        a1_0.id,
        a1_0.attendance_source,
        a1_0.attendance_type,
        a1_0.biometric_device_id,
        a1_0.biometric_user_id,
        a1_0.break_duration,
        a1_0.date,
        a1_0.device_serial,
        a1_0.employee_id,
        a1_0.field_location,
        a1_0.image_path,
        a1_0.lunch_in_time,
        a1_0.lunch_out_time,
        a1_0.lunch_punch_in,
        a1_0.lunch_punch_out,
        a1_0.punch_in,
        a1_0.punch_in_time,
        a1_0.punch_out,
        a1_0.punch_out_time,
        a1_0.punch_source,
        a1_0.raw_data,
        a1_0.reason,
        a1_0.status,
        a1_0.verify_type,
        a1_0.work_description,
        a1_0.work_type,
        a1_0.working_hours 
    from
        attendance a1_0 
    where
        a1_0.employee_id=? 
        and a1_0.date=?
Hibernate: 
    select
        e1_0.emp_id,
        e1_0.aadhar_no,
        e1_0.address,
        e1_0.adharimg,
        e1_0.bank_account_no,
        e1_0.bank_ifsc_code,
        e1_0.bank_name,
        e1_0.birth_date,
        e1_0.blood_group,
        e1_0.branch_name,
        e1_0.department,
        e1_0.device_serial_number,
        e1_0.education,
        e1_0.email,
        e1_0.empimg,
        e1_0.fcm_token,
        e1_0.fcm_token_updated_at,
        e1_0.first_name,
        e1_0.full_name,
        e1_0.gender,
        e1_0.job_role,
        e1_0.joining_date,
        e1_0.last_latitude,
        e1_0.last_longitude,
        e1_0.last_name,
        e1_0.latitude,
        e1_0.longitude,
        e1_0.notifications_enabled,
        e1_0.pan_card,
        e1_0.panimg,
        e1_0.password,
        e1_0.phone,
        e1_0.role,
        e1_0.salary,
        e1_0.status,
        s1_0.id,
        s1_0.address,
        s1_0.cinno,
        s1_0.companylogo,
        s1_0.companyurl,
        s1_0.device_serial_number,
        s1_0.email,
        s1_0.email_server_password,
        s1_0.fcm_token,
        s1_0.fcm_token_updated_at,
        s1_0.gstno,
        s1_0.lastname,
        s1_0.latitude,
        s1_0.longitude,
        ma1_0.id,
        ma1_0.master_admin_email_server_password,
        ma1_0.email,
        ma1_0.mobileno,
        ma1_0.name,
        ma1_0.password,
        ma1_0.profile_img,
        ma1_0.roll,
        s1_0.name,
        s1_0.notifications_enabled,
        s1_0.package_count,
        s1_0.package_type,
        s1_0.password,
        s1_0.phoneno,
        s1_0.registercompanyname,
        s1_0.roll,
        s1_0.signature,
        s1_0.stamp_img,
        s1_0.status 
    from
        employee e1_0 
    left join
        subadmin s1_0 
            on s1_0.id=e1_0.subadmin_id 
    left join
        master_admin ma1_0 
            on ma1_0.id=s1_0.master_admin_id 
    where
        e1_0.emp_id=?
⚠️ Duplicate punch IN ignored - keeping first punch: 19:34:00
🔄 arbaj shaikh - 17:22:15 - IN [Device: BOCK194960340] (Processing...)
Hibernate: 
    select
        e1_0.emp_id,
        e1_0.aadhar_no,
        e1_0.address,
        e1_0.adharimg,
        e1_0.bank_account_no,
        e1_0.bank_ifsc_code,
        e1_0.bank_name,
        e1_0.birth_date,
        e1_0.blood_group,
        e1_0.branch_name,
        e1_0.department,
        e1_0.device_serial_number,
        e1_0.education,
        e1_0.email,
        e1_0.empimg,
        e1_0.fcm_token,
        e1_0.fcm_token_updated_at,
        e1_0.first_name,
        e1_0.full_name,
        e1_0.gender,
        e1_0.job_role,
        e1_0.joining_date,
        e1_0.last_latitude,
        e1_0.last_longitude,
        e1_0.last_name,
        e1_0.latitude,
        e1_0.longitude,
        e1_0.notifications_enabled,
        e1_0.pan_card,
        e1_0.panimg,
        e1_0.password,
        e1_0.phone,
        e1_0.role,
        e1_0.salary,
        e1_0.status,
        s1_0.id,
        s1_0.address,
        s1_0.cinno,
        s1_0.companylogo,
        s1_0.companyurl,
        s1_0.device_serial_number,
        s1_0.email,
        s1_0.email_server_password,
        s1_0.fcm_token,
        s1_0.fcm_token_updated_at,
        s1_0.gstno,
        s1_0.lastname,
        s1_0.latitude,
        s1_0.longitude,
        ma1_0.id,
        ma1_0.master_admin_email_server_password,
        ma1_0.email,
        ma1_0.mobileno,
        ma1_0.name,
        ma1_0.password,
        ma1_0.profile_img,
        ma1_0.roll,
        s1_0.name,
        s1_0.notifications_enabled,
        s1_0.package_count,
        s1_0.package_type,
        s1_0.password,
        s1_0.phoneno,
        s1_0.registercompanyname,
        s1_0.roll,
        s1_0.signature,
        s1_0.stamp_img,
        s1_0.status 
    from
        employee e1_0 
    left join
        subadmin s1_0 
            on s1_0.id=e1_0.subadmin_id 
    left join
        master_admin ma1_0 
            on ma1_0.id=s1_0.master_admin_id 
    where
        e1_0.emp_id=?
Hibernate: 
    select
        a1_0.id,
        a1_0.attendance_source,
        a1_0.attendance_type,
        a1_0.biometric_device_id,
        a1_0.biometric_user_id,
        a1_0.break_duration,
        a1_0.date,
        a1_0.device_serial,
        a1_0.employee_id,
        a1_0.field_location,
        a1_0.image_path,
        a1_0.lunch_in_time,
        a1_0.lunch_out_time,
        a1_0.lunch_punch_in,
        a1_0.lunch_punch_out,
        a1_0.punch_in,
        a1_0.punch_in_time,
        a1_0.punch_out,
        a1_0.punch_out_time,
        a1_0.punch_source,
        a1_0.raw_data,
        a1_0.reason,
        a1_0.status,
        a1_0.verify_type,
        a1_0.work_description,
        a1_0.work_type,
        a1_0.working_hours 
    from
        attendance a1_0 
    where
        a1_0.employee_id=? 
        and a1_0.date=?
Hibernate: 
    select
        e1_0.emp_id,
        e1_0.aadhar_no,
        e1_0.address,
        e1_0.adharimg,
        e1_0.bank_account_no,
        e1_0.bank_ifsc_code,
        e1_0.bank_name,
        e1_0.birth_date,
        e1_0.blood_group,
        e1_0.branch_name,
        e1_0.department,
        e1_0.device_serial_number,
        e1_0.education,
        e1_0.email,
        e1_0.empimg,
        e1_0.fcm_token,
        e1_0.fcm_token_updated_at,
        e1_0.first_name,
        e1_0.full_name,
        e1_0.gender,
        e1_0.job_role,
        e1_0.joining_date,
        e1_0.last_latitude,
        e1_0.last_longitude,
        e1_0.last_name,
        e1_0.latitude,
        e1_0.longitude,
        e1_0.notifications_enabled,
        e1_0.pan_card,
        e1_0.panimg,
        e1_0.password,
        e1_0.phone,
        e1_0.role,
        e1_0.salary,
        e1_0.status,
        s1_0.id,
        s1_0.address,
        s1_0.cinno,
        s1_0.companylogo,
        s1_0.companyurl,
        s1_0.device_serial_number,
        s1_0.email,
        s1_0.email_server_password,
        s1_0.fcm_token,
        s1_0.fcm_token_updated_at,
        s1_0.gstno,
        s1_0.lastname,
        s1_0.latitude,
        s1_0.longitude,
        ma1_0.id,
        ma1_0.master_admin_email_server_password,
        ma1_0.email,
        ma1_0.mobileno,
        ma1_0.name,
        ma1_0.password,
        ma1_0.profile_img,
        ma1_0.roll,
        s1_0.name,
        s1_0.notifications_enabled,
        s1_0.package_count,
        s1_0.package_type,
        s1_0.password,
        s1_0.phoneno,
        s1_0.registercompanyname,
        s1_0.roll,
        s1_0.signature,
        s1_0.stamp_img,
        s1_0.status 
    from
        employee e1_0 
    left join
        subadmin s1_0 
            on s1_0.id=e1_0.subadmin_id 
    left join
        master_admin ma1_0 
            on ma1_0.id=s1_0.master_admin_id 
    where
        e1_0.emp_id=?
⚠️ Duplicate punch IN ignored - keeping first punch: 17:33:00
🔄 Khushi Patil - 17:33:28 - IN [Device: BOCK194960340] (Processing...)
Hibernate: 
    select
        e1_0.emp_id,
        e1_0.aadhar_no,
        e1_0.address,
        e1_0.adharimg,
        e1_0.bank_account_no,
        e1_0.bank_ifsc_code,
        e1_0.bank_name,
        e1_0.birth_date,
        e1_0.blood_group,
        e1_0.branch_name,
        e1_0.department,
        e1_0.device_serial_number,
        e1_0.education,
        e1_0.email,
        e1_0.empimg,
        e1_0.fcm_token,
        e1_0.fcm_token_updated_at,
        e1_0.first_name,
        e1_0.full_name,
        e1_0.gender,
        e1_0.job_role,
        e1_0.joining_date,
        e1_0.last_latitude,
        e1_0.last_longitude,
        e1_0.last_name,
        e1_0.latitude,
        e1_0.longitude,
        e1_0.notifications_enabled,
        e1_0.pan_card,
        e1_0.panimg,
        e1_0.password,
        e1_0.phone,
        e1_0.role,
        e1_0.salary,
        e1_0.status,
        s1_0.id,
        s1_0.address,
        s1_0.cinno,
        s1_0.companylogo,
        s1_0.companyurl,
        s1_0.device_serial_number,
        s1_0.email,
        s1_0.email_server_password,
        s1_0.fcm_token,
        s1_0.fcm_token_updated_at,
        s1_0.gstno,
        s1_0.lastname,
        s1_0.latitude,
        s1_0.longitude,
        ma1_0.id,
        ma1_0.master_admin_email_server_password,
        ma1_0.email,
        ma1_0.mobileno,
        ma1_0.name,
        ma1_0.password,
        ma1_0.profile_img,
        ma1_0.roll,
        s1_0.name,
        s1_0.notifications_enabled,
        s1_0.package_count,
        s1_0.package_type,
        s1_0.password,
        s1_0.phoneno,
        s1_0.registercompanyname,
        s1_0.roll,
        s1_0.signature,
        s1_0.stamp_img,
        s1_0.status 
    from
        employee e1_0 
    left join
        subadmin s1_0 
            on s1_0.id=e1_0.subadmin_id 
    left join
        master_admin ma1_0 
            on ma1_0.id=s1_0.master_admin_id 
    where
        e1_0.emp_id=?
Hibernate: 
    select
        a1_0.id,
        a1_0.attendance_source,
        a1_0.attendance_type,
        a1_0.biometric_device_id,
        a1_0.biometric_user_id,
        a1_0.break_duration,
        a1_0.date,
        a1_0.device_serial,
        a1_0.employee_id,
        a1_0.field_location,
        a1_0.image_path,
        a1_0.lunch_in_time,
        a1_0.lunch_out_time,
        a1_0.lunch_punch_in,
        a1_0.lunch_punch_out,
        a1_0.punch_in,
        a1_0.punch_in_time,
        a1_0.punch_out,
        a1_0.punch_out_time,
        a1_0.punch_source,
        a1_0.raw_data,
        a1_0.reason,
        a1_0.status,
        a1_0.verify_type,
        a1_0.work_description,
        a1_0.work_type,
        a1_0.working_hours 
    from
        attendance a1_0 
    where
        a1_0.employee_id=? 
        and a1_0.date=?
Hibernate: 
    select
        e1_0.emp_id,
        e1_0.aadhar_no,
        e1_0.address,
        e1_0.adharimg,
        e1_0.bank_account_no,
        e1_0.bank_ifsc_code,
        e1_0.bank_name,
        e1_0.birth_date,
        e1_0.blood_group,
        e1_0.branch_name,
        e1_0.department,
        e1_0.device_serial_number,
        e1_0.education,
        e1_0.email,
        e1_0.empimg,
        e1_0.fcm_token,
        e1_0.fcm_token_updated_at,
        e1_0.first_name,
        e1_0.full_name,
        e1_0.gender,
        e1_0.job_role,
        e1_0.joining_date,
        e1_0.last_latitude,
        e1_0.last_longitude,
        e1_0.last_name,
        e1_0.latitude,
        e1_0.longitude,
        e1_0.notifications_enabled,
        e1_0.pan_card,
        e1_0.panimg,
        e1_0.password,
        e1_0.phone,
        e1_0.role,
        e1_0.salary,
        e1_0.status,
        s1_0.id,
        s1_0.address,
        s1_0.cinno,
        s1_0.companylogo,
        s1_0.companyurl,
        s1_0.device_serial_number,
        s1_0.email,
        s1_0.email_server_password,
        s1_0.fcm_token,
        s1_0.fcm_token_updated_at,
        s1_0.gstno,
        s1_0.lastname,
        s1_0.latitude,
        s1_0.longitude,
        ma1_0.id,
        ma1_0.master_admin_email_server_password,
        ma1_0.email,
        ma1_0.mobileno,
        ma1_0.name,
        ma1_0.password,
        ma1_0.profile_img,
        ma1_0.roll,
        s1_0.name,
        s1_0.notifications_enabled,
        s1_0.package_count,
        s1_0.package_type,
        s1_0.password,
        s1_0.phoneno,
        s1_0.registercompanyname,
        s1_0.roll,
        s1_0.signature,
        s1_0.stamp_img,
        s1_0.status 
    from
        employee e1_0 
    left join
        subadmin s1_0 
            on s1_0.id=e1_0.subadmin_id 
    left join
        master_admin ma1_0 
            on ma1_0.id=s1_0.master_admin_id 
    where
        e1_0.emp_id=?
⚠️ Duplicate punch IN ignored - keeping first punch: 17:33:00
🔄 Khushi Patil - 17:34:18 - IN [Device: BOCK194960340] (Processing...)
Hibernate: 
    select
        e1_0.emp_id,
        e1_0.aadhar_no,
        e1_0.address,
        e1_0.adharimg,
        e1_0.bank_account_no,
        e1_0.bank_ifsc_code,
        e1_0.bank_name,
        e1_0.birth_date,
        e1_0.blood_group,
        e1_0.branch_name,
        e1_0.department,
        e1_0.device_serial_number,
        e1_0.education,
        e1_0.email,
        e1_0.empimg,
        e1_0.fcm_token,
        e1_0.fcm_token_updated_at,
        e1_0.first_name,
        e1_0.full_name,
        e1_0.gender,
        e1_0.job_role,
        e1_0.joining_date,
        e1_0.last_latitude,
        e1_0.last_longitude,
        e1_0.last_name,
        e1_0.latitude,
        e1_0.longitude,
        e1_0.notifications_enabled,
        e1_0.pan_card,
        e1_0.panimg,
        e1_0.password,
        e1_0.phone,
        e1_0.role,
        e1_0.salary,
        e1_0.status,
        s1_0.id,
        s1_0.address,
        s1_0.cinno,
        s1_0.companylogo,
        s1_0.companyurl,
        s1_0.device_serial_number,
        s1_0.email,
        s1_0.email_server_password,
        s1_0.fcm_token,
        s1_0.fcm_token_updated_at,
        s1_0.gstno,
        s1_0.lastname,
        s1_0.latitude,
        s1_0.longitude,
        ma1_0.id,
        ma1_0.master_admin_email_server_password,
        ma1_0.email,
        ma1_0.mobileno,
        ma1_0.name,
        ma1_0.password,
        ma1_0.profile_img,
        ma1_0.roll,
        s1_0.name,
        s1_0.notifications_enabled,
        s1_0.package_count,
        s1_0.package_type,
        s1_0.password,
        s1_0.phoneno,
        s1_0.registercompanyname,
        s1_0.roll,
        s1_0.signature,
        s1_0.stamp_img,
        s1_0.status 
    from
        employee e1_0 
    left join
        subadmin s1_0 
            on s1_0.id=e1_0.subadmin_id 
    left join
        master_admin ma1_0 
            on ma1_0.id=s1_0.master_admin_id 
    where
        e1_0.emp_id=?
Hibernate: 
    select
        a1_0.id,
        a1_0.attendance_source,
        a1_0.attendance_type,
        a1_0.biometric_device_id,
        a1_0.biometric_user_id,
        a1_0.break_duration,
        a1_0.date,
        a1_0.device_serial,
        a1_0.employee_id,
        a1_0.field_location,
        a1_0.image_path,
        a1_0.lunch_in_time,
        a1_0.lunch_out_time,
        a1_0.lunch_punch_in,
        a1_0.lunch_punch_out,
        a1_0.punch_in,
        a1_0.punch_in_time,
        a1_0.punch_out,
        a1_0.punch_out_time,
        a1_0.punch_source,
        a1_0.raw_data,
        a1_0.reason,
        a1_0.status,
        a1_0.verify_type,
        a1_0.work_description,
        a1_0.work_type,
        a1_0.working_hours 
    from
        attendance a1_0 
    where
        a1_0.employee_id=? 
        and a1_0.date=?
Hibernate: 
    select
        e1_0.emp_id,
        e1_0.aadhar_no,
        e1_0.address,
        e1_0.adharimg,
        e1_0.bank_account_no,
        e1_0.bank_ifsc_code,
        e1_0.bank_name,
        e1_0.birth_date,
        e1_0.blood_group,
        e1_0.branch_name,
        e1_0.department,
        e1_0.device_serial_number,
        e1_0.education,
        e1_0.email,
        e1_0.empimg,
        e1_0.fcm_token,
        e1_0.fcm_token_updated_at,
        e1_0.first_name,
        e1_0.full_name,
        e1_0.gender,
        e1_0.job_role,
        e1_0.joining_date,
        e1_0.last_latitude,
        e1_0.last_longitude,
        e1_0.last_name,
        e1_0.latitude,
        e1_0.longitude,
        e1_0.notifications_enabled,
        e1_0.pan_card,
        e1_0.panimg,
        e1_0.password,
        e1_0.phone,
        e1_0.role,
        e1_0.salary,
        e1_0.status,
        s1_0.id,
        s1_0.address,
        s1_0.cinno,
        s1_0.companylogo,
        s1_0.companyurl,
        s1_0.device_serial_number,
        s1_0.email,
        s1_0.email_server_password,
        s1_0.fcm_token,
        s1_0.fcm_token_updated_at,
        s1_0.gstno,
        s1_0.lastname,
        s1_0.latitude,
        s1_0.longitude,
        ma1_0.id,
        ma1_0.master_admin_email_server_password,
        ma1_0.email,
        ma1_0.mobileno,
        ma1_0.name,
        ma1_0.password,
        ma1_0.profile_img,
        ma1_0.roll,
        s1_0.name,
        s1_0.notifications_enabled,
        s1_0.package_count,
        s1_0.package_type,
        s1_0.password,
        s1_0.phoneno,
        s1_0.registercompanyname,
        s1_0.roll,
        s1_0.signature,
        s1_0.stamp_img,
        s1_0.status 
    from
        employee e1_0 
    left join
        subadmin s1_0 
            on s1_0.id=e1_0.subadmin_id 
    left join
        master_admin ma1_0 
            on ma1_0.id=s1_0.master_admin_id 
    where
        e1_0.emp_id=?
⚠️ Duplicate punch IN ignored - keeping first punch: 17:33:00
🔄 Khushi Patil - 17:36:06 - IN [Device: BOCK194960340] (Processing...)
Hibernate: 
    select
        e1_0.emp_id,
        e1_0.aadhar_no,
        e1_0.address,
        e1_0.adharimg,
        e1_0.bank_account_no,
        e1_0.bank_ifsc_code,
        e1_0.bank_name,
        e1_0.birth_date,
        e1_0.blood_group,
        e1_0.branch_name,
        e1_0.department,
        e1_0.device_serial_number,
        e1_0.education,
        e1_0.email,
        e1_0.empimg,
        e1_0.fcm_token,
        e1_0.fcm_token_updated_at,
        e1_0.first_name,
        e1_0.full_name,
        e1_0.gender,
        e1_0.job_role,
        e1_0.joining_date,
        e1_0.last_latitude,
        e1_0.last_longitude,
        e1_0.last_name,
        e1_0.latitude,
        e1_0.longitude,
        e1_0.notifications_enabled,
        e1_0.pan_card,
        e1_0.panimg,
        e1_0.password,
        e1_0.phone,
        e1_0.role,
        e1_0.salary,
        e1_0.status,
        s1_0.id,
        s1_0.address,
        s1_0.cinno,
        s1_0.companylogo,
        s1_0.companyurl,
        s1_0.device_serial_number,
        s1_0.email,
        s1_0.email_server_password,
        s1_0.fcm_token,
        s1_0.fcm_token_updated_at,
        s1_0.gstno,
        s1_0.lastname,
        s1_0.latitude,
        s1_0.longitude,
        ma1_0.id,
        ma1_0.master_admin_email_server_password,
        ma1_0.email,
        ma1_0.mobileno,
        ma1_0.name,
        ma1_0.password,
        ma1_0.profile_img,
        ma1_0.roll,
        s1_0.name,
        s1_0.notifications_enabled,
        s1_0.package_count,
        s1_0.package_type,
        s1_0.password,
        s1_0.phoneno,
        s1_0.registercompanyname,
        s1_0.roll,
        s1_0.signature,
        s1_0.stamp_img,
        s1_0.status 
    from
        employee e1_0 
    left join
        subadmin s1_0 
            on s1_0.id=e1_0.subadmin_id 
    left join
        master_admin ma1_0 
            on ma1_0.id=s1_0.master_admin_id 
    where
        e1_0.emp_id=?
Hibernate: 
    select
        a1_0.id,
        a1_0.attendance_source,
        a1_0.attendance_type,
        a1_0.biometric_device_id,
        a1_0.biometric_user_id,
        a1_0.break_duration,
        a1_0.date,
        a1_0.device_serial,
        a1_0.employee_id,
        a1_0.field_location,
        a1_0.image_path,
        a1_0.lunch_in_time,
        a1_0.lunch_out_time,
        a1_0.lunch_punch_in,
        a1_0.lunch_punch_out,
        a1_0.punch_in,
        a1_0.punch_in_time,
        a1_0.punch_out,
        a1_0.punch_out_time,
        a1_0.punch_source,
        a1_0.raw_data,
        a1_0.reason,
        a1_0.status,
        a1_0.verify_type,
        a1_0.work_description,
        a1_0.work_type,
        a1_0.working_hours 
    from
        attendance a1_0 
    where
        a1_0.employee_id=? 
        and a1_0.date=?
Hibernate: 
    select
        e1_0.emp_id,
        e1_0.aadhar_no,
        e1_0.address,
        e1_0.adharimg,
        e1_0.bank_account_no,
        e1_0.bank_ifsc_code,
        e1_0.bank_name,
        e1_0.birth_date,
        e1_0.blood_group,
        e1_0.branch_name,
        e1_0.department,
        e1_0.device_serial_number,
        e1_0.education,
        e1_0.email,
        e1_0.empimg,
[...]
        e1_0.birth_date,
        e1_0.blood_group,
        e1_0.branch_name,
        e1_0.department,
        e1_0.device_serial_number,
        e1_0.education,
        e1_0.email,
        e1_0.empimg,
        e1_0.fcm_token,
        e1_0.fcm_token_updated_at,
        e1_0.first_name,
        e1_0.full_name,
        e1_0.gender,
        e1_0.job_role,
        e1_0.joining_date,
        e1_0.last_latitude,
        e1_0.last_longitude,
        e1_0.last_name,
        e1_0.latitude,
        e1_0.longitude,
        e1_0.notifications_enabled,
        e1_0.pan_card,
        e1_0.panimg,
        e1_0.password,
        e1_0.phone,
        e1_0.role,
        e1_0.salary,
        e1_0.status,
        s1_0.id,
        s1_0.address,
        s1_0.cinno,
        s1_0.companylogo,
        s1_0.companyurl,
        s1_0.device_serial_number,
        s1_0.email,
        s1_0.email_server_password,
        s1_0.fcm_token,
        s1_0.fcm_token_updated_at,
        s1_0.gstno,
        s1_0.lastname,
        s1_0.latitude,
        s1_0.longitude,
        s1_0.master_admin_id,
        s1_0.name,
        s1_0.notifications_enabled,
        s1_0.package_count,
        s1_0.package_type,
        s1_0.password,
        s1_0.phoneno,
        s1_0.registercompanyname,
        s1_0.roll,
        s1_0.signature,
        s1_0.stamp_img,
        s1_0.status,
        c1_0.exit_letter_path,
        c1_0.experience_letter_path,
        c1_0.increment_letter_path,
        c1_0.internship_completion_path,
        c1_0.joining_letter_path,
        c1_0.letter_head_path,
        c1_0.performance_certificate_path,
        c1_0.post_appraisal_path,
        c1_0.relieving_letter_path,
        c1_0.termination_letter_path,
        c1_0.updated_at 
    from
        certificates c1_0 
    left join
        employee e1_0 
            on e1_0.emp_id=c1_0.employee_id 
    left join
        subadmin s1_0 
            on s1_0.id=e1_0.subadmin_id 
    where
        c1_0.subadmin_id=?
Hibernate: 
    select
        l1_0.subadmin_id,
        l1_0.leave_id,
        e1_0.emp_id,
        e1_0.aadhar_no,
        e1_0.address,
        e1_0.adharimg,
        e1_0.bank_account_no,
        e1_0.bank_ifsc_code,
        e1_0.bank_name,
        e1_0.birth_date,
        e1_0.blood_group,
        e1_0.branch_name,
        e1_0.department,
        e1_0.device_serial_number,
        e1_0.education,
        e1_0.email,
        e1_0.empimg,
        e1_0.fcm_token,
        e1_0.fcm_token_updated_at,
        e1_0.first_name,
        e1_0.full_name,
        e1_0.gender,
        e1_0.job_role,
        e1_0.joining_date,
        e1_0.last_latitude,
        e1_0.last_longitude,
        e1_0.last_name,
        e1_0.latitude,
        e1_0.longitude,
        e1_0.notifications_enabled,
        e1_0.pan_card,
        e1_0.panimg,
        e1_0.password,
        e1_0.phone,
        e1_0.role,
        e1_0.salary,
        e1_0.status,
        s1_0.id,
        s1_0.address,
        s1_0.cinno,
        s1_0.companylogo,
        s1_0.companyurl,
        s1_0.device_serial_number,
        s1_0.email,
        s1_0.email_server_password,
        s1_0.fcm_token,
        s1_0.fcm_token_updated_at,
        s1_0.gstno,
        s1_0.lastname,
        s1_0.latitude,
        s1_0.longitude,
        s1_0.master_admin_id,
        s1_0.name,
        s1_0.notifications_enabled,
        s1_0.package_count,
        s1_0.package_type,
        s1_0.password,
        s1_0.phoneno,
        s1_0.registercompanyname,
        s1_0.roll,
        s1_0.signature,
        s1_0.stamp_img,
        s1_0.status,
        l1_0.from_date,
        l1_0.reason,
        l1_0.status,
        l1_0.to_date 
    from
        leaveform l1_0 
    left join
        employee e1_0 
            on e1_0.emp_id=l1_0.employee_id 
    left join
        subadmin s1_0 
            on s1_0.id=e1_0.subadmin_id 
    where
        l1_0.subadmin_id=?
Hibernate: 
    select
        e1_0.subadmin_id,
        e1_0.emp_id,
        e1_0.aadhar_no,
        e1_0.address,
        e1_0.adharimg,
        e1_0.bank_account_no,
        e1_0.bank_ifsc_code,
        e1_0.bank_name,
        e1_0.birth_date,
        e1_0.blood_group,
        e1_0.branch_name,
        e1_0.department,
        e1_0.device_serial_number,
        e1_0.education,
        e1_0.email,
        e1_0.empimg,
        e1_0.fcm_token,
        e1_0.fcm_token_updated_at,
        e1_0.first_name,
        e1_0.full_name,
        e1_0.gender,
        e1_0.job_role,
        e1_0.joining_date,
        e1_0.last_latitude,
        e1_0.last_longitude,
        e1_0.last_name,
        e1_0.latitude,
        e1_0.longitude,
        e1_0.notifications_enabled,
        e1_0.pan_card,
        e1_0.panimg,
        e1_0.password,
        e1_0.phone,
        e1_0.role,
        e1_0.salary,
        e1_0.status 
    from
        employee e1_0 
    where
        e1_0.subadmin_id=?
Hibernate: 
    select
        c1_0.subadmin_id,
        c1_0.id,
        c1_0.achievement_certificate_path,
        c1_0.agreement_contract_path,
        c1_0.appointment_letter_path,
        c1_0.created_at,
        e1_0.emp_id,
        e1_0.aadhar_no,
        e1_0.address,
        e1_0.adharimg,
        e1_0.bank_account_no,
        e1_0.bank_ifsc_code,
        e1_0.bank_name,
        e1_0.birth_date,
        e1_0.blood_group,
        e1_0.branch_name,
        e1_0.department,
        e1_0.device_serial_number,
        e1_0.education,
        e1_0.email,
        e1_0.empimg,
        e1_0.fcm_token,
        e1_0.fcm_token_updated_at,
        e1_0.first_name,
        e1_0.full_name,
        e1_0.gender,
        e1_0.job_role,
        e1_0.joining_date,
        e1_0.last_latitude,
        e1_0.last_longitude,
        e1_0.last_name,
        e1_0.latitude,
        e1_0.longitude,
        e1_0.notifications_enabled,
        e1_0.pan_card,
        e1_0.panimg,
        e1_0.password,
        e1_0.phone,
        e1_0.role,
        e1_0.salary,
        e1_0.status,
        s1_0.id,
        s1_0.address,
        s1_0.cinno,
        s1_0.companylogo,
        s1_0.companyurl,
        s1_0.device_serial_number,
        s1_0.email,
        s1_0.email_server_password,
        s1_0.fcm_token,
        s1_0.fcm_token_updated_at,
        s1_0.gstno,
        s1_0.lastname,
        s1_0.latitude,
        s1_0.longitude,
        s1_0.master_admin_id,
        s1_0.name,
        s1_0.notifications_enabled,
        s1_0.package_count,
        s1_0.package_type,
        s1_0.password,
        s1_0.phoneno,
        s1_0.registercompanyname,
        s1_0.roll,
        s1_0.signature,
        s1_0.stamp_img,
        s1_0.status,
        c1_0.exit_letter_path,
        c1_0.experience_letter_path,
        c1_0.increment_letter_path,
        c1_0.internship_completion_path,
        c1_0.joining_letter_path,
        c1_0.letter_head_path,
        c1_0.performance_certificate_path,
        c1_0.post_appraisal_path,
        c1_0.relieving_letter_path,
        c1_0.termination_letter_path,
        c1_0.updated_at 
    from
        certificates c1_0 
    left join
        employee e1_0 
            on e1_0.emp_id=c1_0.employee_id 
    left join
        subadmin s1_0 
            on s1_0.id=e1_0.subadmin_id 
    where
        c1_0.subadmin_id=?
Hibernate: 
    select
        l1_0.employee_id,
        l1_0.leave_id,
        l1_0.from_date,
        l1_0.reason,
        l1_0.status,
        s1_0.id,
        s1_0.address,
        s1_0.cinno,
        s1_0.companylogo,
        s1_0.companyurl,
        s1_0.device_serial_number,
        s1_0.email,
        s1_0.email_server_password,
        s1_0.fcm_token,
        s1_0.fcm_token_updated_at,
        s1_0.gstno,
        s1_0.lastname,
        s1_0.latitude,
        s1_0.longitude,
        ma1_0.id,
        ma1_0.master_admin_email_server_password,
        ma1_0.email,
        ma1_0.mobileno,
        ma1_0.name,
        ma1_0.password,
        ma1_0.profile_img,
        ma1_0.roll,
        s1_0.name,
        s1_0.notifications_enabled,
        s1_0.package_count,
        s1_0.package_type,
        s1_0.password,
        s1_0.phoneno,
        s1_0.registercompanyname,
        s1_0.roll,
        s1_0.signature,
        s1_0.stamp_img,
        s1_0.status,
        l1_0.to_date 
    from
        leaveform l1_0 
    left join
        subadmin s1_0 
            on s1_0.id=l1_0.subadmin_id 
    left join
        master_admin ma1_0 
            on ma1_0.id=s1_0.master_admin_id 
    where
        l1_0.employee_id=?
Hibernate: 
    select
        a1_0.employee_id,
        a1_0.id,
        a1_0.attendance_source,
        a1_0.attendance_type,
        a1_0.biometric_device_id,
        a1_0.biometric_user_id,
        a1_0.break_duration,
        a1_0.date,
        a1_0.device_serial,
        a1_0.field_location,
        a1_0.image_path,
        a1_0.lunch_in_time,
        a1_0.lunch_out_time,
        a1_0.lunch_punch_in,
        a1_0.lunch_punch_out,
        a1_0.punch_in,
        a1_0.punch_in_time,
        a1_0.punch_out,
        a1_0.punch_out_time,
        a1_0.punch_source,
        a1_0.raw_data,
        a1_0.reason,
        a1_0.status,
        a1_0.verify_type,
        a1_0.work_description,
        a1_0.work_type,
        a1_0.working_hours 
    from
        attendance a1_0 
    where
        a1_0.employee_id=?
Hibernate: 
    update
        attendance 
    set
        attendance_source=?,
        attendance_type=?,
        biometric_device_id=?,
        biometric_user_id=?,
        break_duration=?,
        date=?,
        device_serial=?,
        employee_id=?,
        field_location=?,
        image_path=?,
        lunch_in_time=?,
        lunch_out_time=?,
        lunch_punch_in=?,
        lunch_punch_out=?,
        punch_in=?,
        punch_in_time=?,
        punch_out=?,
        punch_out_time=?,
        punch_source=?,
        raw_data=?,
        reason=?,
        status=?,
        verify_type=?,
        work_description=?,
        work_type=?,
        working_hours=? 
    where
        id=?
🔄 arbaj shaikh - 19:34:03 - OUT [Device: BOCK194960340] (Processing...)
Hibernate: 
    select
        e1_0.emp_id,
        e1_0.aadhar_no,
        e1_0.address,
        e1_0.adharimg,
        e1_0.bank_account_no,
        e1_0.bank_ifsc_code,
        e1_0.bank_name,
        e1_0.birth_date,
        e1_0.blood_group,
        e1_0.branch_name,
        e1_0.department,
        e1_0.device_serial_number,
        e1_0.education,
        e1_0.email,
        e1_0.empimg,
        e1_0.fcm_token,
        e1_0.fcm_token_updated_at,
        e1_0.first_name,
        e1_0.full_name,
        e1_0.gender,
        e1_0.job_role,
        e1_0.joining_date,
        e1_0.last_latitude,
        e1_0.last_longitude,
        e1_0.last_name,
        e1_0.latitude,
        e1_0.longitude,
        e1_0.notifications_enabled,
        e1_0.pan_card,
        e1_0.panimg,
        e1_0.password,
        e1_0.phone,
        e1_0.role,
        e1_0.salary,
        e1_0.status,
        s1_0.id,
        s1_0.address,
        s1_0.cinno,
        s1_0.companylogo,
        s1_0.companyurl,
        s1_0.device_serial_number,
        s1_0.email,
        s1_0.email_server_password,
        s1_0.fcm_token,
        s1_0.fcm_token_updated_at,
        s1_0.gstno,
        s1_0.lastname,
        s1_0.latitude,
        s1_0.longitude,
        ma1_0.id,
        ma1_0.master_admin_email_server_password,
        ma1_0.email,
        ma1_0.mobileno,
        ma1_0.name,
        ma1_0.password,
        ma1_0.profile_img,
        ma1_0.roll,
        s1_0.name,
        s1_0.notifications_enabled,
        s1_0.package_count,
        s1_0.package_type,
        s1_0.password,
        s1_0.phoneno,
        s1_0.registercompanyname,
        s1_0.roll,
        s1_0.signature,
        s1_0.stamp_img,
        s1_0.status 
    from
        employee e1_0 
    left join
        subadmin s1_0 
            on s1_0.id=e1_0.subadmin_id 
    left join
        master_admin ma1_0 
            on ma1_0.id=s1_0.master_admin_id 
    where
        e1_0.emp_id=?
Hibernate: 
    select
        a1_0.id,
        a1_0.attendance_source,
        a1_0.attendance_type,
        a1_0.biometric_device_id,
        a1_0.biometric_user_id,
        a1_0.break_duration,
        a1_0.date,
        a1_0.device_serial,
        a1_0.employee_id,
        a1_0.field_location,
        a1_0.image_path,
        a1_0.lunch_in_time,
        a1_0.lunch_out_time,
        a1_0.lunch_punch_in,
        a1_0.lunch_punch_out,
        a1_0.punch_in,
        a1_0.punch_in_time,
        a1_0.punch_out,
        a1_0.punch_out_time,
        a1_0.punch_source,
        a1_0.raw_data,
        a1_0.reason,
        a1_0.status,
        a1_0.verify_type,
        a1_0.work_description,
        a1_0.work_type,
        a1_0.working_hours 
    from
        attendance a1_0 
    where
        a1_0.employee_id=? 
        and a1_0.date=?
Hibernate: 
    select
        e1_0.emp_id,
        e1_0.aadhar_no,
        e1_0.address,
        e1_0.adharimg,
        e1_0.bank_account_no,
        e1_0.bank_ifsc_code,
        e1_0.bank_name,
        e1_0.birth_date,
        e1_0.blood_group,
        e1_0.branch_name,
        e1_0.department,
        e1_0.device_serial_number,
        e1_0.education,
        e1_0.email,
        e1_0.empimg,
        e1_0.fcm_token,
        e1_0.fcm_token_updated_at,
        e1_0.first_name,
        e1_0.full_name,
        e1_0.gender,
        e1_0.job_role,
        e1_0.joining_date,
        e1_0.last_latitude,
        e1_0.last_longitude,
        e1_0.last_name,
        e1_0.latitude,
        e1_0.longitude,
        e1_0.notifications_enabled,
        e1_0.pan_card,
        e1_0.panimg,
        e1_0.password,
        e1_0.phone,
        e1_0.role,
        e1_0.salary,
        e1_0.status,
        s1_0.id,
        s1_0.address,
        s1_0.cinno,
        s1_0.companylogo,
        s1_0.companyurl,
        s1_0.device_serial_number,
        s1_0.email,
        s1_0.email_server_password,
        s1_0.fcm_token,
        s1_0.fcm_token_updated_at,
        s1_0.gstno,
        s1_0.lastname,
        s1_0.latitude,
        s1_0.longitude,
        ma1_0.id,
        ma1_0.master_admin_email_server_password,
        ma1_0.email,
        ma1_0.mobileno,
        ma1_0.name,
        ma1_0.password,
        ma1_0.profile_img,
        ma1_0.roll,
        s1_0.name,
        s1_0.notifications_enabled,
        s1_0.package_count,
        s1_0.package_type,
        s1_0.password,
        s1_0.phoneno,
        s1_0.registercompanyname,
        s1_0.roll,
        s1_0.signature,
        s1_0.stamp_img,
        s1_0.status 
    from
        employee e1_0 
    left join
        subadmin s1_0 
            on s1_0.id=e1_0.subadmin_id 
    left join
        master_admin ma1_0 
            on ma1_0.id=s1_0.master_admin_id 
    where
        e1_0.emp_id=?
⚠️ Duplicate punch IN ignored - keeping first punch: 19:34:00
🔄 arbaj shaikh - 19:34:29 - IN [Device: BOCK194960340] (Processing...)
Hibernate: 
    select
        e1_0.emp_id,
        e1_0.aadhar_no,
        e1_0.address,
        e1_0.adharimg,
        e1_0.bank_account_no,
        e1_0.bank_ifsc_code,
        e1_0.bank_name,
        e1_0.birth_date,
        e1_0.blood_group,
        e1_0.branch_name,
        e1_0.department,
        e1_0.device_serial_number,
        e1_0.education,
        e1_0.email,
        e1_0.empimg,
        e1_0.fcm_token,
        e1_0.fcm_token_updated_at,
        e1_0.first_name,
        e1_0.full_name,
        e1_0.gender,
        e1_0.job_role,
        e1_0.joining_date,
        e1_0.last_latitude,
        e1_0.last_longitude,
        e1_0.last_name,
        e1_0.latitude,
        e1_0.longitude,
        e1_0.notifications_enabled,
        e1_0.pan_card,
        e1_0.panimg,
        e1_0.password,
        e1_0.phone,
        e1_0.role,
        e1_0.salary,
        e1_0.status,
        s1_0.id,
        s1_0.address,
        s1_0.cinno,
        s1_0.companylogo,
        s1_0.companyurl,
        s1_0.device_serial_number,
        s1_0.email,
        s1_0.email_server_password,
        s1_0.fcm_token,
        s1_0.fcm_token_updated_at,
        s1_0.gstno,
        s1_0.lastname,
        s1_0.latitude,
        s1_0.longitude,
        ma1_0.id,
        ma1_0.master_admin_email_server_password,
        ma1_0.email,
        ma1_0.mobileno,
        ma1_0.name,
        ma1_0.password,
        ma1_0.profile_img,
        ma1_0.roll,
        s1_0.name,
        s1_0.notifications_enabled,
        s1_0.package_count,
        s1_0.package_type,
        s1_0.password,
        s1_0.phoneno,
        s1_0.registercompanyname,
        s1_0.roll,
        s1_0.signature,
        s1_0.stamp_img,
        s1_0.status 
    from
        employee e1_0 
    left join
        subadmin s1_0 
            on s1_0.id=e1_0.subadmin_id 
    left join
        master_admin ma1_0 
            on ma1_0.id=s1_0.master_admin_id 
    where
        e1_0.emp_id=?
Hibernate: 
    select
        a1_0.id,
        a1_0.attendance_source,
        a1_0.attendance_type,
        a1_0.biometric_device_id,
        a1_0.biometric_user_id,
        a1_0.break_duration,
        a1_0.date,
        a1_0.device_serial,
        a1_0.employee_id,
        a1_0.field_location,
        a1_0.image_path,
        a1_0.lunch_in_time,
        a1_0.lunch_out_time,
        a1_0.lunch_punch_in,
        a1_0.lunch_punch_out,
        a1_0.punch_in,
        a1_0.punch_in_time,
        a1_0.punch_out,
        a1_0.punch_out_time,
        a1_0.punch_source,
        a1_0.raw_data,
        a1_0.reason,
        a1_0.status,
        a1_0.verify_type,
        a1_0.work_description,
        a1_0.work_type,
        a1_0.working_hours 
    from
        attendance a1_0 
    where
        a1_0.employee_id=? 
        and a1_0.date=?
Hibernate: 
    select
        e1_0.emp_id,
        e1_0.aadhar_no,
        e1_0.address,
        e1_0.adharimg,
        e1_0.bank_account_no,
        e1_0.bank_ifsc_code,
        e1_0.bank_name,
        e1_0.birth_date,
        e1_0.blood_group,
        e1_0.branch_name,
        e1_0.department,
        e1_0.device_serial_number,
        e1_0.education,
        e1_0.email,
        e1_0.empimg,
        e1_0.fcm_token,
        e1_0.fcm_token_updated_at,
        e1_0.first_name,
        e1_0.full_name,
        e1_0.gender,
        e1_0.job_role,
        e1_0.joining_date,
        e1_0.last_latitude,
        e1_0.last_longitude,
        e1_0.last_name,
        e1_0.latitude,
        e1_0.longitude,
        e1_0.notifications_enabled,
        e1_0.pan_card,
        e1_0.panimg,
        e1_0.password,
        e1_0.phone,
        e1_0.role,
        e1_0.salary,
        e1_0.status,
        s1_0.id,
        s1_0.address,
        s1_0.cinno,
        s1_0.companylogo,
        s1_0.companyurl,
        s1_0.device_serial_number,
        s1_0.email,
        s1_0.email_server_password,
        s1_0.fcm_token,
        s1_0.fcm_token_updated_at,
        s1_0.gstno,
        s1_0.lastname,
        s1_0.latitude,
        s1_0.longitude,
        ma1_0.id,
        ma1_0.master_admin_email_server_password,
        ma1_0.email,
        ma1_0.mobileno,
        ma1_0.name,
        ma1_0.password,
        ma1_0.profile_img,
        ma1_0.roll,
        s1_0.name,
        s1_0.notifications_enabled,
        s1_0.package_count,
        s1_0.package_type,
        s1_0.password,
        s1_0.phoneno,
        s1_0.registercompanyname,
        s1_0.roll,
        s1_0.signature,
        s1_0.stamp_img,
        s1_0.status 
    from
        employee e1_0 
    left join
        subadmin s1_0 
            on s1_0.id=e1_0.subadmin_id 
    left join
        master_admin ma1_0 
            on ma1_0.id=s1_0.master_admin_id 
    where
        e1_0.emp_id=?
⚠️ Duplicate punch IN ignored - keeping first punch: 19:34:00
🔄 arbaj shaikh - 19:37:06 - IN [Device: BOCK194960340] (Processing...)
✅ Processed 17 new transactions
✅ CertificateService injection test passed!
]]></system-out>
    <system-err><![CDATA[Error starting TCP server: Address already in use
]]></system-err>
  </testcase>
</testsuite>