<?xml version="1.0" encoding="UTF-8"?>
<testsuite xmlns:xsi="http://www.w3.org/2001/XMLSchema-instance" xsi:noNamespaceSchemaLocation="https://maven.apache.org/surefire/maven-surefire-plugin/xsd/surefire-test-report.xsd" version="3.0.2" name="com.jaywant.demo.CertificateControllerTest" time="19.815" tests="1" errors="0" skipped="0" failures="0">
  <properties>
[...]
</properties>
  <testcase name="testCertificateServiceInjection" classname="com.jaywant.demo.CertificateControllerTest" time="1.653">
    <system-out><![CDATA[Standard Commons Logging discovery in action with spring-jcl: please remove commons-logging.jar from classpath in order to avoid potential conflicts
13:37:00.707 [main] INFO org.springframework.test.context.support.AnnotationConfigContextLoaderUtils -- Could not detect default configuration classes for test class [com.jaywant.demo.CertificateControllerTest]: CertificateControllerTest does not declare any static, non-private, non-final, nested classes annotated with @Configuration.
13:37:00.973 [main] INFO org.springframework.boot.test.context.SpringBootTestContextBootstrapper -- Found @SpringBootConfiguration com.jaywant.demo.DemoApplication for test class com.jaywant.demo.CertificateControllerTest
13:37:01.542 [main] INFO org.springframework.boot.devtools.restart.RestartApplicationListener -- Restart disabled due to context in which it is running

  .   ____          _            __ _ _
 /\\ / ___'_ __ _ _(_)_ __  __ _ \ \ \ \
( ( )\___ | '_ | '_| | '_ \/ _` | \ \ \ \
 \\/  ___)| |_)| | | | | || (_| |  ) ) ) )
  '  |____| .__|_| |_|_| |_\__, | / / / /
 =========|_|==============|___/=/_/_/_/

 :: Spring Boot ::                (v3.4.4)

2025-08-07T13:37:02.157+05:30  INFO 11312 --- [demo] [           main] c.j.demo.CertificateControllerTest       : Starting CertificateControllerTest using Java 21.0.3 with PID 11312 (started by arbaj in D:\HRM_UPDATED\hrm_backend)
2025-08-07T13:37:02.159+05:30  INFO 11312 --- [demo] [           main] c.j.demo.CertificateControllerTest       : No active profile set, falling back to 1 default profile: "default"
2025-08-07T13:37:04.053+05:30  INFO 11312 --- [demo] [           main] o.s.b.f.s.DefaultListableBeanFactory     : Overriding bean definition for bean 'restTemplate' with a different definition: replacing [Root bean: class=null; scope=; abstract=false; lazyInit=null; autowireMode=3; dependencyCheck=0; autowireCandidate=true; primary=false; fallback=false; factoryBeanName=appConfig; factoryMethodName=restTemplate; initMethodNames=null; destroyMethodNames=[(inferred)]; defined in class path resource [com/jaywant/demo/Config/AppConfig.class]] with [Root bean: class=null; scope=; abstract=false; lazyInit=null; autowireMode=3; dependencyCheck=0; autowireCandidate=true; primary=false; fallback=false; factoryBeanName=restTemplateConfig; factoryMethodName=restTemplate; initMethodNames=null; destroyMethodNames=[(inferred)]; defined in class path resource [com/jaywant/demo/Config/RestTemplateConfig.class]]
2025-08-07T13:37:04.516+05:30  INFO 11312 --- [demo] [           main] .s.d.r.c.RepositoryConfigurationDelegate : Bootstrapping Spring Data JPA repositories in DEFAULT mode.
2025-08-07T13:37:04.759+05:30  INFO 11312 --- [demo] [           main] .s.d.r.c.RepositoryConfigurationDelegate : Finished Spring Data repository scanning in 221 ms. Found 16 JPA repository interfaces.
2025-08-07T13:37:06.236+05:30  INFO 11312 --- [demo] [           main] o.hibernate.jpa.internal.util.LogHelper  : HHH000204: Processing PersistenceUnitInfo [name: default]
2025-08-07T13:37:06.404+05:30  INFO 11312 --- [demo] [           main] org.hibernate.Version                    : HHH000412: Hibernate ORM core version 6.6.11.Final
2025-08-07T13:37:06.485+05:30  INFO 11312 --- [demo] [           main] o.h.c.internal.RegionFactoryInitiator    : HHH000026: Second-level cache disabled
2025-08-07T13:37:07.224+05:30  INFO 11312 --- [demo] [           main] o.s.o.j.p.SpringPersistenceUnitInfo      : No LoadTimeWeaver setup: ignoring JPA class transformer
2025-08-07T13:37:07.311+05:30  INFO 11312 --- [demo] [           main] com.zaxxer.hikari.HikariDataSource       : HikariPool-1 - Starting...
2025-08-07T13:37:07.738+05:30  INFO 11312 --- [demo] [           main] com.zaxxer.hikari.pool.HikariPool        : HikariPool-1 - Added connection com.mysql.cj.jdbc.ConnectionImpl@73d91faf
2025-08-07T13:37:07.744+05:30  INFO 11312 --- [demo] [           main] com.zaxxer.hikari.HikariDataSource       : HikariPool-1 - Start completed.
2025-08-07T13:37:07.920+05:30  WARN 11312 --- [demo] [           main] org.hibernate.orm.deprecation            : HHH90000025: MySQLDialect does not need to be specified explicitly using 'hibernate.dialect' (remove the property setting and it will be selected by default)
2025-08-07T13:37:07.984+05:30  INFO 11312 --- [demo] [           main] org.hibernate.orm.connections.pooling    : HHH10001005: Database info:
	Database JDBC URL [Connecting through datasource 'HikariDataSource (HikariPool-1)']
	Database driver: undefined/unknown
	Database version: 8.0.41
	Autocommit mode: undefined/unknown
	Isolation level: undefined/unknown
	Minimum pool size: undefined/unknown
	Maximum pool size: undefined/unknown
2025-08-07T13:37:10.235+05:30  INFO 11312 --- [demo] [           main] o.h.e.t.j.p.i.JtaPlatformInitiator       : HHH000489: No JTA platform available (set 'hibernate.transaction.jta.platform' to enable JTA platform integration)
2025-08-07T13:37:10.640+05:30  INFO 11312 --- [demo] [           main] j.LocalContainerEntityManagerFactoryBean : Initialized JPA EntityManagerFactory for persistence unit 'default'
🔥 Initializing Firebase...
📁 Using firebase-service-account.json file...
✅ Firebase service account file found!
✅ Firebase initialized successfully!
2025-08-07T13:37:11.771+05:30  INFO 11312 --- [demo] [           main] o.s.d.j.r.query.QueryEnhancerFactory     : Hibernate is in classpath; If applicable, HQL parser will be used.
🔧 Creating FirebaseMessaging bean...
✅ FirebaseMessaging bean created successfully!
🔧 Firebase enabled status: true
ZKTeco TCP Listener started on port 8000
Listening for ZKTeco device connections on port 8000
2025-08-07T13:37:17.128+05:30  WARN 11312 --- [demo] [           main] JpaBaseConfiguration$JpaWebConfiguration : spring.jpa.open-in-view is enabled by default. Therefore, database queries may be performed during view rendering. Explicitly configure spring.jpa.open-in-view to disable this warning
2025-08-07T13:37:18.414+05:30  INFO 11312 --- [demo] [           main] o.s.m.s.b.SimpleBrokerMessageHandler     : Starting...
2025-08-07T13:37:18.415+05:30  INFO 11312 --- [demo] [           main] o.s.m.s.b.SimpleBrokerMessageHandler     : BrokerAvailabilityEvent[available=true, SimpleBrokerMessageHandler [org.springframework.messaging.simp.broker.DefaultSubscriptionRegistry@43e6bfb7]]
2025-08-07T13:37:18.418+05:30  INFO 11312 --- [demo] [           main] o.s.m.s.b.SimpleBrokerMessageHandler     : Started.
2025-08-07T13:37:18.443+05:30  INFO 11312 --- [demo] [           main] c.j.demo.CertificateControllerTest       : Started CertificateControllerTest in 16.932 seconds (process running for 19.322)

================================================================================
Starting real-time attendance sync...
🚀 BIOMETRIC SERVICES STATUS - 2025-08-07 13:37:18
================================================================================
✅ EnhancedBiometricSyncService: ACTIVE (10-second real-time sync)
🔄 Starting yesterday's data sync at 2025-08-07T13:37:18.454612600
🏥 Starting terminal health check at 2025-08-07T13:37:18.454612600
🔄 Starting periodic attendance sync at 2025-08-07T13:37:18.454612600
✅ SimpleBiometricTestService: ACTIVE (for testing)
❌ BiometricAttendanceProcessor: DISABLED (replaced by enhanced service)
================================================================================
📊 AVAILABLE TEST ENDPOINTS:
   GET  /api/simple-biometric-test/health
   GET  /api/simple-biometric-test/stats
🔄 [13:37:18] Simple real-time sync starting...
   POST /api/simple-biometric-test/test-processing
   GET  /api/iclock-verification/verify-iclock-table
   POST /api/iclock-verification/test-data-flow
   GET  /api/enhanced-biometric/sync-stats
   POST /api/enhanced-biometric/sync-now
================================================================================
🔄 Real-time sync will start automatically every 10 seconds...
📝 Monitor console for processing logs
================================================================================

Hibernate: 
    select
        st1_0.id,
        st1_0.api_token,
        st1_0.created_at,
        st1_0.easytime_api_url,
        st1_0.easytime_terminal_id,
        st1_0.last_sync_at,
        st1_0.location,
        st1_0.status,
        st1_0.subadmin_id,
        st1_0.terminal_name,
        st1_0.terminal_serial,
        st1_0.updated_at 
    from
        subadmin_terminals st1_0 
    where
        st1_0.status=?
Hibernate: 
    select
        st1_0.id,
        st1_0.api_token,
        st1_0.created_at,
        st1_0.easytime_api_url,
        st1_0.easytime_terminal_id,
        st1_0.last_sync_at,
        st1_0.location,
        st1_0.status,
        st1_0.subadmin_id,
        st1_0.terminal_name,
        st1_0.terminal_serial,
        st1_0.updated_at 
    from
        subadmin_terminals st1_0
Hibernate: 
    select
        edm1_0.id,
        edm1_0.created_at,
        edm1_0.easytime_employee_id,
        edm1_0.emp_code,
        edm1_0.hrm_employee_id,
        edm1_0.enrollment_status,
        edm1_0.fingerprint_enrolled,
        edm1_0.subadmin_id,
        edm1_0.terminal_serial,
        edm1_0.updated_at 
    from
        employee_device_mapping edm1_0
Hibernate: 
    select
        st1_0.id,
        st1_0.api_token,
        st1_0.created_at,
        st1_0.easytime_api_url,
        st1_0.easytime_terminal_id,
        st1_0.last_sync_at,
        st1_0.location,
        st1_0.status,
        st1_0.subadmin_id,
        st1_0.terminal_name,
        st1_0.terminal_serial,
        st1_0.updated_at 
    from
        subadmin_terminals st1_0 
    where
        st1_0.status=?
Hibernate: 
    select
        st1_0.id,
        st1_0.api_token,
        st1_0.created_at,
        st1_0.easytime_api_url,
        st1_0.easytime_terminal_id,
        st1_0.last_sync_at,
        st1_0.location,
        st1_0.status,
        st1_0.subadmin_id,
        st1_0.terminal_name,
        st1_0.terminal_serial,
        st1_0.updated_at 
    from
        subadmin_terminals st1_0 
    where
        st1_0.status=?
🏁 Completed periodic attendance sync. Processed 0 terminals
✅ CertificateService injection test passed!
]]></system-out>
    <system-err><![CDATA[Mockito is currently self-attaching to enable the inline-mock-maker. This will no longer work in future releases of the JDK. Please add Mockito as an agent to your build what is described in Mockito's documentation: https://javadoc.io/doc/org.mockito/mockito-core/latest/org/mockito/Mockito.html#0.3
❌ Error in real-time sync: PreparedStatementCallback; bad SQL grammar [SELECT
    id, emp_code, emp_id, punch_time, punch_state, verify_type,
    terminal_sn, terminal_alias, source
FROM easywdms.iclock_transaction
WHERE punch_time > ?
ORDER BY punch_time ASC
LIMIT 50
]
WARNING: A Java agent has been loaded dynamically (C:\Users\arbaj\.m2\repository\net\bytebuddy\byte-buddy-agent\1.15.11\byte-buddy-agent-1.15.11.jar)
WARNING: If a serviceability tool is in use, please run with -XX:+EnableDynamicAgentLoading to hide this warning
WARNING: If a serviceability tool is not in use, please run with -Djdk.instrument.traceUsage for more information
WARNING: Dynamic loading of agents will be disallowed by default in a future release
]]></system-err>
  </testcase>
</testsuite>