<?xml version="1.0" encoding="UTF-8"?>
<testsuite xmlns:xsi="http://www.w3.org/2001/XMLSchema-instance" xsi:noNamespaceSchemaLocation="https://maven.apache.org/surefire/maven-surefire-plugin/xsd/surefire-test-report.xsd" version="3.0.2" name="com.jaywant.demo.DemoApplicationTests" time="0.012" tests="1" errors="0" skipped="0" failures="0">
  <properties>
[...]
</properties>
  <testcase name="contextLoads" classname="com.jaywant.demo.DemoApplicationTests" time="0.004">
    <system-out><![CDATA[2025-07-25T14:23:53.772Z  INFO 1378071 --- [demo] [           main] t.c.s.AnnotationConfigContextLoaderUtils : Could not detect default configuration classes for test class [com.jaywant.demo.DemoApplicationTests]: DemoApplicationTests does not declare any static, non-private, non-final, nested classes annotated with @Configuration.
2025-07-25T14:23:53.773Z  INFO 1378071 --- [demo] [           main] .b.t.c.SpringBootTestContextBootstrapper : Found @SpringBootConfiguration com.jaywant.demo.DemoApplication for test class com.jaywant.demo.DemoApplicationTests
]]></system-out>
  </testcase>
</testsuite>